2024-08-13 14:38:01,777 DEBUG    root            Metrics collector initialized...
2024-08-13 14:38:01,779 DEBUG    root            Loaded Command Group: ['gcloud', 'components']
2024-08-13 14:38:01,786 DEBUG    root            Loaded Command Group: ['gcloud', 'components', 'list']
2024-08-13 14:38:01,787 DEBUG    root            Running [gcloud.components.list] with arguments: [--quiet: "True"]
2024-08-13 14:38:01,810 DEBUG    urllib3.connectionpool Starting new HTTPS connection (1): dl.google.com:443
2024-08-13 14:38:01,928 DEBUG    urllib3.connectionpool https://dl.google.com:443 "GET /dl/cloudsdk/channels/rapid/components-2.json HTTP/1.1" 200 223380
2024-08-13 14:38:02,049 INFO     ___FILE_ONLY___ 
Your current Google Cloud CLI version is: 487.0.0

2024-08-13 14:38:02,049 INFO     ___FILE_ONLY___ The latest available version is: 487.0.0

2024-08-13 14:38:02,049 INFO     ___FILE_ONLY___ 

2024-08-13 14:38:02,050 DEBUG    root            Chosen display Format:table[box,title="Components"](state.name:label=Status,name:label=Name,id:label=ID,size.size(zero="",min=1048576):label=Size:align=right)
2024-08-13 14:38:02,051 INFO     root            Display format: "table[box,title="Components"](state.name:label=Status,name:label=Name,id:label=ID,size.size(zero="",min=1048576):label=Size:align=right)"
2024-08-13 14:38:02,096 INFO     ___FILE_ONLY___ ┌─────────────────────────────────────────────────────────────────────────────────────────────────────────────────┐
2024-08-13 14:38:02,096 INFO     ___FILE_ONLY___ 

2024-08-13 14:38:02,096 INFO     ___FILE_ONLY___ │                                                    Components                                                   │
2024-08-13 14:38:02,096 INFO     ___FILE_ONLY___ 

2024-08-13 14:38:02,096 INFO     ___FILE_ONLY___ ├───────────────┬──────────────────────────────────────────────────────┬──────────────────────────────┬───────────┤
2024-08-13 14:38:02,096 INFO     ___FILE_ONLY___ 

2024-08-13 14:38:02,096 INFO     ___FILE_ONLY___ │     Status    │                         Name                         │              ID              │    Size   │
2024-08-13 14:38:02,096 INFO     ___FILE_ONLY___ 

2024-08-13 14:38:02,097 INFO     ___FILE_ONLY___ ├───────────────┼──────────────────────────────────────────────────────┼──────────────────────────────┼───────────┤
2024-08-13 14:38:02,097 INFO     ___FILE_ONLY___ 

2024-08-13 14:38:02,097 INFO     ___FILE_ONLY___ │ 
2024-08-13 14:38:02,097 INFO     ___FILE_ONLY___ Not Installed
2024-08-13 14:38:02,097 INFO     ___FILE_ONLY___  
2024-08-13 14:38:02,097 INFO     ___FILE_ONLY___ │ 
2024-08-13 14:38:02,097 INFO     ___FILE_ONLY___ App Engine Go Extensions                            
2024-08-13 14:38:02,097 INFO     ___FILE_ONLY___  
2024-08-13 14:38:02,097 INFO     ___FILE_ONLY___ │ 
2024-08-13 14:38:02,097 INFO     ___FILE_ONLY___ app-engine-go               
2024-08-13 14:38:02,097 INFO     ___FILE_ONLY___  
2024-08-13 14:38:02,097 INFO     ___FILE_ONLY___ │ 
2024-08-13 14:38:02,097 INFO     ___FILE_ONLY___   4.5 MiB
2024-08-13 14:38:02,097 INFO     ___FILE_ONLY___  
2024-08-13 14:38:02,097 INFO     ___FILE_ONLY___ │
2024-08-13 14:38:02,097 INFO     ___FILE_ONLY___ 

2024-08-13 14:38:02,097 INFO     ___FILE_ONLY___ │ 
2024-08-13 14:38:02,097 INFO     ___FILE_ONLY___ Not Installed
2024-08-13 14:38:02,097 INFO     ___FILE_ONLY___  
2024-08-13 14:38:02,097 INFO     ___FILE_ONLY___ │ 
2024-08-13 14:38:02,097 INFO     ___FILE_ONLY___ Appctl                                              
2024-08-13 14:38:02,097 INFO     ___FILE_ONLY___  
2024-08-13 14:38:02,097 INFO     ___FILE_ONLY___ │ 
2024-08-13 14:38:02,097 INFO     ___FILE_ONLY___ appctl                      
2024-08-13 14:38:02,097 INFO     ___FILE_ONLY___  
2024-08-13 14:38:02,097 INFO     ___FILE_ONLY___ │ 
2024-08-13 14:38:02,097 INFO     ___FILE_ONLY___  18.5 MiB
2024-08-13 14:38:02,097 INFO     ___FILE_ONLY___  
2024-08-13 14:38:02,097 INFO     ___FILE_ONLY___ │
2024-08-13 14:38:02,097 INFO     ___FILE_ONLY___ 

2024-08-13 14:38:02,097 INFO     ___FILE_ONLY___ │ 
2024-08-13 14:38:02,097 INFO     ___FILE_ONLY___ Not Installed
2024-08-13 14:38:02,097 INFO     ___FILE_ONLY___  
2024-08-13 14:38:02,097 INFO     ___FILE_ONLY___ │ 
2024-08-13 14:38:02,097 INFO     ___FILE_ONLY___ Artifact Registry Go Module Package Helper          
2024-08-13 14:38:02,097 INFO     ___FILE_ONLY___  
2024-08-13 14:38:02,097 INFO     ___FILE_ONLY___ │ 
2024-08-13 14:38:02,097 INFO     ___FILE_ONLY___ package-go-module           
2024-08-13 14:38:02,097 INFO     ___FILE_ONLY___  
2024-08-13 14:38:02,097 INFO     ___FILE_ONLY___ │ 
2024-08-13 14:38:02,097 INFO     ___FILE_ONLY___   < 1 MiB
2024-08-13 14:38:02,097 INFO     ___FILE_ONLY___  
2024-08-13 14:38:02,097 INFO     ___FILE_ONLY___ │
2024-08-13 14:38:02,097 INFO     ___FILE_ONLY___ 

2024-08-13 14:38:02,097 INFO     ___FILE_ONLY___ │ 
2024-08-13 14:38:02,097 INFO     ___FILE_ONLY___ Not Installed
2024-08-13 14:38:02,097 INFO     ___FILE_ONLY___  
2024-08-13 14:38:02,097 INFO     ___FILE_ONLY___ │ 
2024-08-13 14:38:02,097 INFO     ___FILE_ONLY___ Cloud Bigtable Command Line Tool                    
2024-08-13 14:38:02,097 INFO     ___FILE_ONLY___  
2024-08-13 14:38:02,097 INFO     ___FILE_ONLY___ │ 
2024-08-13 14:38:02,097 INFO     ___FILE_ONLY___ cbt                         
2024-08-13 14:38:02,097 INFO     ___FILE_ONLY___  
2024-08-13 14:38:02,098 INFO     ___FILE_ONLY___ │ 
2024-08-13 14:38:02,098 INFO     ___FILE_ONLY___  17.0 MiB
2024-08-13 14:38:02,098 INFO     ___FILE_ONLY___  
2024-08-13 14:38:02,098 INFO     ___FILE_ONLY___ │
2024-08-13 14:38:02,098 INFO     ___FILE_ONLY___ 

2024-08-13 14:38:02,098 INFO     ___FILE_ONLY___ │ 
2024-08-13 14:38:02,098 INFO     ___FILE_ONLY___ Not Installed
2024-08-13 14:38:02,098 INFO     ___FILE_ONLY___  
2024-08-13 14:38:02,098 INFO     ___FILE_ONLY___ │ 
2024-08-13 14:38:02,098 INFO     ___FILE_ONLY___ Cloud Bigtable Emulator                             
2024-08-13 14:38:02,098 INFO     ___FILE_ONLY___  
2024-08-13 14:38:02,098 INFO     ___FILE_ONLY___ │ 
2024-08-13 14:38:02,098 INFO     ___FILE_ONLY___ bigtable                    
2024-08-13 14:38:02,098 INFO     ___FILE_ONLY___  
2024-08-13 14:38:02,098 INFO     ___FILE_ONLY___ │ 
2024-08-13 14:38:02,098 INFO     ___FILE_ONLY___   7.0 MiB
2024-08-13 14:38:02,098 INFO     ___FILE_ONLY___  
2024-08-13 14:38:02,098 INFO     ___FILE_ONLY___ │
2024-08-13 14:38:02,098 INFO     ___FILE_ONLY___ 

2024-08-13 14:38:02,098 INFO     ___FILE_ONLY___ │ 
2024-08-13 14:38:02,098 INFO     ___FILE_ONLY___ Not Installed
2024-08-13 14:38:02,098 INFO     ___FILE_ONLY___  
2024-08-13 14:38:02,098 INFO     ___FILE_ONLY___ │ 
2024-08-13 14:38:02,098 INFO     ___FILE_ONLY___ Cloud Datastore Emulator                            
2024-08-13 14:38:02,098 INFO     ___FILE_ONLY___  
2024-08-13 14:38:02,098 INFO     ___FILE_ONLY___ │ 
2024-08-13 14:38:02,098 INFO     ___FILE_ONLY___ cloud-datastore-emulator    
2024-08-13 14:38:02,098 INFO     ___FILE_ONLY___  
2024-08-13 14:38:02,098 INFO     ___FILE_ONLY___ │ 
2024-08-13 14:38:02,098 INFO     ___FILE_ONLY___  36.2 MiB
2024-08-13 14:38:02,098 INFO     ___FILE_ONLY___  
2024-08-13 14:38:02,098 INFO     ___FILE_ONLY___ │
2024-08-13 14:38:02,098 INFO     ___FILE_ONLY___ 

2024-08-13 14:38:02,098 INFO     ___FILE_ONLY___ │ 
2024-08-13 14:38:02,098 INFO     ___FILE_ONLY___ Not Installed
2024-08-13 14:38:02,098 INFO     ___FILE_ONLY___  
2024-08-13 14:38:02,098 INFO     ___FILE_ONLY___ │ 
2024-08-13 14:38:02,098 INFO     ___FILE_ONLY___ Cloud Firestore Emulator                            
2024-08-13 14:38:02,098 INFO     ___FILE_ONLY___  
2024-08-13 14:38:02,098 INFO     ___FILE_ONLY___ │ 
2024-08-13 14:38:02,098 INFO     ___FILE_ONLY___ cloud-firestore-emulator    
2024-08-13 14:38:02,098 INFO     ___FILE_ONLY___  
2024-08-13 14:38:02,098 INFO     ___FILE_ONLY___ │ 
2024-08-13 14:38:02,098 INFO     ___FILE_ONLY___  45.2 MiB
2024-08-13 14:38:02,098 INFO     ___FILE_ONLY___  
2024-08-13 14:38:02,098 INFO     ___FILE_ONLY___ │
2024-08-13 14:38:02,098 INFO     ___FILE_ONLY___ 

2024-08-13 14:38:02,098 INFO     ___FILE_ONLY___ │ 
2024-08-13 14:38:02,098 INFO     ___FILE_ONLY___ Not Installed
2024-08-13 14:38:02,098 INFO     ___FILE_ONLY___  
2024-08-13 14:38:02,098 INFO     ___FILE_ONLY___ │ 
2024-08-13 14:38:02,098 INFO     ___FILE_ONLY___ Cloud Pub/Sub Emulator                              
2024-08-13 14:38:02,098 INFO     ___FILE_ONLY___  
2024-08-13 14:38:02,098 INFO     ___FILE_ONLY___ │ 
2024-08-13 14:38:02,099 INFO     ___FILE_ONLY___ pubsub-emulator             
2024-08-13 14:38:02,099 INFO     ___FILE_ONLY___  
2024-08-13 14:38:02,099 INFO     ___FILE_ONLY___ │ 
2024-08-13 14:38:02,099 INFO     ___FILE_ONLY___  63.7 MiB
2024-08-13 14:38:02,099 INFO     ___FILE_ONLY___  
2024-08-13 14:38:02,099 INFO     ___FILE_ONLY___ │
2024-08-13 14:38:02,099 INFO     ___FILE_ONLY___ 

2024-08-13 14:38:02,099 INFO     ___FILE_ONLY___ │ 
2024-08-13 14:38:02,099 INFO     ___FILE_ONLY___ Not Installed
2024-08-13 14:38:02,099 INFO     ___FILE_ONLY___  
2024-08-13 14:38:02,099 INFO     ___FILE_ONLY___ │ 
2024-08-13 14:38:02,099 INFO     ___FILE_ONLY___ Cloud Run Proxy                                     
2024-08-13 14:38:02,099 INFO     ___FILE_ONLY___  
2024-08-13 14:38:02,099 INFO     ___FILE_ONLY___ │ 
2024-08-13 14:38:02,099 INFO     ___FILE_ONLY___ cloud-run-proxy             
2024-08-13 14:38:02,099 INFO     ___FILE_ONLY___  
2024-08-13 14:38:02,099 INFO     ___FILE_ONLY___ │ 
2024-08-13 14:38:02,099 INFO     ___FILE_ONLY___  11.3 MiB
2024-08-13 14:38:02,099 INFO     ___FILE_ONLY___  
2024-08-13 14:38:02,099 INFO     ___FILE_ONLY___ │
2024-08-13 14:38:02,099 INFO     ___FILE_ONLY___ 

2024-08-13 14:38:02,099 INFO     ___FILE_ONLY___ │ 
2024-08-13 14:38:02,099 INFO     ___FILE_ONLY___ Not Installed
2024-08-13 14:38:02,099 INFO     ___FILE_ONLY___  
2024-08-13 14:38:02,099 INFO     ___FILE_ONLY___ │ 
2024-08-13 14:38:02,099 INFO     ___FILE_ONLY___ Cloud SQL Proxy v2                                  
2024-08-13 14:38:02,099 INFO     ___FILE_ONLY___  
2024-08-13 14:38:02,099 INFO     ___FILE_ONLY___ │ 
2024-08-13 14:38:02,099 INFO     ___FILE_ONLY___ cloud-sql-proxy             
2024-08-13 14:38:02,099 INFO     ___FILE_ONLY___  
2024-08-13 14:38:02,099 INFO     ___FILE_ONLY___ │ 
2024-08-13 14:38:02,099 INFO     ___FILE_ONLY___  13.2 MiB
2024-08-13 14:38:02,099 INFO     ___FILE_ONLY___  
2024-08-13 14:38:02,099 INFO     ___FILE_ONLY___ │
2024-08-13 14:38:02,099 INFO     ___FILE_ONLY___ 

2024-08-13 14:38:02,099 INFO     ___FILE_ONLY___ │ 
2024-08-13 14:38:02,099 INFO     ___FILE_ONLY___ Not Installed
2024-08-13 14:38:02,099 INFO     ___FILE_ONLY___  
2024-08-13 14:38:02,099 INFO     ___FILE_ONLY___ │ 
2024-08-13 14:38:02,099 INFO     ___FILE_ONLY___ Google Container Registry's Docker credential helper
2024-08-13 14:38:02,099 INFO     ___FILE_ONLY___  
2024-08-13 14:38:02,099 INFO     ___FILE_ONLY___ │ 
2024-08-13 14:38:02,099 INFO     ___FILE_ONLY___ docker-credential-gcr       
2024-08-13 14:38:02,099 INFO     ___FILE_ONLY___  
2024-08-13 14:38:02,099 INFO     ___FILE_ONLY___ │ 
2024-08-13 14:38:02,099 INFO     ___FILE_ONLY___          
2024-08-13 14:38:02,099 INFO     ___FILE_ONLY___  
2024-08-13 14:38:02,099 INFO     ___FILE_ONLY___ │
2024-08-13 14:38:02,099 INFO     ___FILE_ONLY___ 

2024-08-13 14:38:02,099 INFO     ___FILE_ONLY___ │ 
2024-08-13 14:38:02,099 INFO     ___FILE_ONLY___ Not Installed
2024-08-13 14:38:02,099 INFO     ___FILE_ONLY___  
2024-08-13 14:38:02,099 INFO     ___FILE_ONLY___ │ 
2024-08-13 14:38:02,099 INFO     ___FILE_ONLY___ Kustomize                                           
2024-08-13 14:38:02,099 INFO     ___FILE_ONLY___  
2024-08-13 14:38:02,099 INFO     ___FILE_ONLY___ │ 
2024-08-13 14:38:02,099 INFO     ___FILE_ONLY___ kustomize                   
2024-08-13 14:38:02,099 INFO     ___FILE_ONLY___  
2024-08-13 14:38:02,099 INFO     ___FILE_ONLY___ │ 
2024-08-13 14:38:02,100 INFO     ___FILE_ONLY___   7.4 MiB
2024-08-13 14:38:02,100 INFO     ___FILE_ONLY___  
2024-08-13 14:38:02,100 INFO     ___FILE_ONLY___ │
2024-08-13 14:38:02,100 INFO     ___FILE_ONLY___ 

2024-08-13 14:38:02,100 INFO     ___FILE_ONLY___ │ 
2024-08-13 14:38:02,100 INFO     ___FILE_ONLY___ Not Installed
2024-08-13 14:38:02,100 INFO     ___FILE_ONLY___  
2024-08-13 14:38:02,100 INFO     ___FILE_ONLY___ │ 
2024-08-13 14:38:02,100 INFO     ___FILE_ONLY___ Log Streaming                                       
2024-08-13 14:38:02,100 INFO     ___FILE_ONLY___  
2024-08-13 14:38:02,100 INFO     ___FILE_ONLY___ │ 
2024-08-13 14:38:02,100 INFO     ___FILE_ONLY___ log-streaming               
2024-08-13 14:38:02,100 INFO     ___FILE_ONLY___  
2024-08-13 14:38:02,100 INFO     ___FILE_ONLY___ │ 
2024-08-13 14:38:02,100 INFO     ___FILE_ONLY___  11.9 MiB
2024-08-13 14:38:02,100 INFO     ___FILE_ONLY___  
2024-08-13 14:38:02,100 INFO     ___FILE_ONLY___ │
2024-08-13 14:38:02,100 INFO     ___FILE_ONLY___ 

2024-08-13 14:38:02,100 INFO     ___FILE_ONLY___ │ 
2024-08-13 14:38:02,100 INFO     ___FILE_ONLY___ Not Installed
2024-08-13 14:38:02,100 INFO     ___FILE_ONLY___  
2024-08-13 14:38:02,100 INFO     ___FILE_ONLY___ │ 
2024-08-13 14:38:02,100 INFO     ___FILE_ONLY___ Minikube                                            
2024-08-13 14:38:02,100 INFO     ___FILE_ONLY___  
2024-08-13 14:38:02,100 INFO     ___FILE_ONLY___ │ 
2024-08-13 14:38:02,100 INFO     ___FILE_ONLY___ minikube                    
2024-08-13 14:38:02,100 INFO     ___FILE_ONLY___  
2024-08-13 14:38:02,100 INFO     ___FILE_ONLY___ │ 
2024-08-13 14:38:02,100 INFO     ___FILE_ONLY___  34.8 MiB
2024-08-13 14:38:02,100 INFO     ___FILE_ONLY___  
2024-08-13 14:38:02,100 INFO     ___FILE_ONLY___ │
2024-08-13 14:38:02,100 INFO     ___FILE_ONLY___ 

2024-08-13 14:38:02,100 INFO     ___FILE_ONLY___ │ 
2024-08-13 14:38:02,100 INFO     ___FILE_ONLY___ Not Installed
2024-08-13 14:38:02,100 INFO     ___FILE_ONLY___  
2024-08-13 14:38:02,100 INFO     ___FILE_ONLY___ │ 
2024-08-13 14:38:02,100 INFO     ___FILE_ONLY___ Nomos CLI                                           
2024-08-13 14:38:02,100 INFO     ___FILE_ONLY___  
2024-08-13 14:38:02,100 INFO     ___FILE_ONLY___ │ 
2024-08-13 14:38:02,100 INFO     ___FILE_ONLY___ nomos                       
2024-08-13 14:38:02,100 INFO     ___FILE_ONLY___  
2024-08-13 14:38:02,100 INFO     ___FILE_ONLY___ │ 
2024-08-13 14:38:02,100 INFO     ___FILE_ONLY___  30.1 MiB
2024-08-13 14:38:02,100 INFO     ___FILE_ONLY___  
2024-08-13 14:38:02,100 INFO     ___FILE_ONLY___ │
2024-08-13 14:38:02,100 INFO     ___FILE_ONLY___ 

2024-08-13 14:38:02,100 INFO     ___FILE_ONLY___ │ 
2024-08-13 14:38:02,100 INFO     ___FILE_ONLY___ Not Installed
2024-08-13 14:38:02,100 INFO     ___FILE_ONLY___  
2024-08-13 14:38:02,100 INFO     ___FILE_ONLY___ │ 
2024-08-13 14:38:02,100 INFO     ___FILE_ONLY___ On-Demand Scanning API extraction helper            
2024-08-13 14:38:02,100 INFO     ___FILE_ONLY___  
2024-08-13 14:38:02,100 INFO     ___FILE_ONLY___ │ 
2024-08-13 14:38:02,100 INFO     ___FILE_ONLY___ local-extract               
2024-08-13 14:38:02,100 INFO     ___FILE_ONLY___  
2024-08-13 14:38:02,100 INFO     ___FILE_ONLY___ │ 
2024-08-13 14:38:02,100 INFO     ___FILE_ONLY___  19.9 MiB
2024-08-13 14:38:02,100 INFO     ___FILE_ONLY___  
2024-08-13 14:38:02,100 INFO     ___FILE_ONLY___ │
2024-08-13 14:38:02,100 INFO     ___FILE_ONLY___ 

2024-08-13 14:38:02,100 INFO     ___FILE_ONLY___ │ 
2024-08-13 14:38:02,100 INFO     ___FILE_ONLY___ Not Installed
2024-08-13 14:38:02,101 INFO     ___FILE_ONLY___  
2024-08-13 14:38:02,101 INFO     ___FILE_ONLY___ │ 
2024-08-13 14:38:02,101 INFO     ___FILE_ONLY___ Skaffold                                            
2024-08-13 14:38:02,101 INFO     ___FILE_ONLY___  
2024-08-13 14:38:02,101 INFO     ___FILE_ONLY___ │ 
2024-08-13 14:38:02,101 INFO     ___FILE_ONLY___ skaffold                    
2024-08-13 14:38:02,101 INFO     ___FILE_ONLY___  
2024-08-13 14:38:02,101 INFO     ___FILE_ONLY___ │ 
2024-08-13 14:38:02,101 INFO     ___FILE_ONLY___  22.9 MiB
2024-08-13 14:38:02,101 INFO     ___FILE_ONLY___  
2024-08-13 14:38:02,101 INFO     ___FILE_ONLY___ │
2024-08-13 14:38:02,101 INFO     ___FILE_ONLY___ 

2024-08-13 14:38:02,101 INFO     ___FILE_ONLY___ │ 
2024-08-13 14:38:02,101 INFO     ___FILE_ONLY___ Not Installed
2024-08-13 14:38:02,101 INFO     ___FILE_ONLY___  
2024-08-13 14:38:02,101 INFO     ___FILE_ONLY___ │ 
2024-08-13 14:38:02,101 INFO     ___FILE_ONLY___ Terraform Tools                                     
2024-08-13 14:38:02,101 INFO     ___FILE_ONLY___  
2024-08-13 14:38:02,101 INFO     ___FILE_ONLY___ │ 
2024-08-13 14:38:02,101 INFO     ___FILE_ONLY___ terraform-tools             
2024-08-13 14:38:02,101 INFO     ___FILE_ONLY___  
2024-08-13 14:38:02,101 INFO     ___FILE_ONLY___ │ 
2024-08-13 14:38:02,101 INFO     ___FILE_ONLY___  63.6 MiB
2024-08-13 14:38:02,101 INFO     ___FILE_ONLY___  
2024-08-13 14:38:02,101 INFO     ___FILE_ONLY___ │
2024-08-13 14:38:02,101 INFO     ___FILE_ONLY___ 

2024-08-13 14:38:02,101 INFO     ___FILE_ONLY___ │ 
2024-08-13 14:38:02,101 INFO     ___FILE_ONLY___ Not Installed
2024-08-13 14:38:02,101 INFO     ___FILE_ONLY___  
2024-08-13 14:38:02,101 INFO     ___FILE_ONLY___ │ 
2024-08-13 14:38:02,101 INFO     ___FILE_ONLY___ anthos-auth                                         
2024-08-13 14:38:02,101 INFO     ___FILE_ONLY___  
2024-08-13 14:38:02,101 INFO     ___FILE_ONLY___ │ 
2024-08-13 14:38:02,101 INFO     ___FILE_ONLY___ anthos-auth                 
2024-08-13 14:38:02,101 INFO     ___FILE_ONLY___  
2024-08-13 14:38:02,101 INFO     ___FILE_ONLY___ │ 
2024-08-13 14:38:02,101 INFO     ___FILE_ONLY___  20.9 MiB
2024-08-13 14:38:02,101 INFO     ___FILE_ONLY___  
2024-08-13 14:38:02,101 INFO     ___FILE_ONLY___ │
2024-08-13 14:38:02,101 INFO     ___FILE_ONLY___ 

2024-08-13 14:38:02,101 INFO     ___FILE_ONLY___ │ 
2024-08-13 14:38:02,101 INFO     ___FILE_ONLY___ Not Installed
2024-08-13 14:38:02,101 INFO     ___FILE_ONLY___  
2024-08-13 14:38:02,101 INFO     ___FILE_ONLY___ │ 
2024-08-13 14:38:02,101 INFO     ___FILE_ONLY___ config-connector                                    
2024-08-13 14:38:02,101 INFO     ___FILE_ONLY___  
2024-08-13 14:38:02,101 INFO     ___FILE_ONLY___ │ 
2024-08-13 14:38:02,101 INFO     ___FILE_ONLY___ config-connector            
2024-08-13 14:38:02,101 INFO     ___FILE_ONLY___  
2024-08-13 14:38:02,101 INFO     ___FILE_ONLY___ │ 
2024-08-13 14:38:02,101 INFO     ___FILE_ONLY___  88.7 MiB
2024-08-13 14:38:02,101 INFO     ___FILE_ONLY___  
2024-08-13 14:38:02,101 INFO     ___FILE_ONLY___ │
2024-08-13 14:38:02,101 INFO     ___FILE_ONLY___ 

2024-08-13 14:38:02,101 INFO     ___FILE_ONLY___ │ 
2024-08-13 14:38:02,102 INFO     ___FILE_ONLY___ Not Installed
2024-08-13 14:38:02,102 INFO     ___FILE_ONLY___  
2024-08-13 14:38:02,102 INFO     ___FILE_ONLY___ │ 
2024-08-13 14:38:02,102 INFO     ___FILE_ONLY___ enterprise-certificate-proxy                        
2024-08-13 14:38:02,102 INFO     ___FILE_ONLY___  
2024-08-13 14:38:02,102 INFO     ___FILE_ONLY___ │ 
2024-08-13 14:38:02,102 INFO     ___FILE_ONLY___ enterprise-certificate-proxy
2024-08-13 14:38:02,102 INFO     ___FILE_ONLY___  
2024-08-13 14:38:02,102 INFO     ___FILE_ONLY___ │ 
2024-08-13 14:38:02,102 INFO     ___FILE_ONLY___   8.3 MiB
2024-08-13 14:38:02,102 INFO     ___FILE_ONLY___  
2024-08-13 14:38:02,102 INFO     ___FILE_ONLY___ │
2024-08-13 14:38:02,102 INFO     ___FILE_ONLY___ 

2024-08-13 14:38:02,102 INFO     ___FILE_ONLY___ │ 
2024-08-13 14:38:02,102 INFO     ___FILE_ONLY___ Not Installed
2024-08-13 14:38:02,102 INFO     ___FILE_ONLY___  
2024-08-13 14:38:02,102 INFO     ___FILE_ONLY___ │ 
2024-08-13 14:38:02,102 INFO     ___FILE_ONLY___ gcloud Alpha Commands                               
2024-08-13 14:38:02,102 INFO     ___FILE_ONLY___  
2024-08-13 14:38:02,102 INFO     ___FILE_ONLY___ │ 
2024-08-13 14:38:02,102 INFO     ___FILE_ONLY___ alpha                       
2024-08-13 14:38:02,102 INFO     ___FILE_ONLY___  
2024-08-13 14:38:02,102 INFO     ___FILE_ONLY___ │ 
2024-08-13 14:38:02,102 INFO     ___FILE_ONLY___   < 1 MiB
2024-08-13 14:38:02,102 INFO     ___FILE_ONLY___  
2024-08-13 14:38:02,102 INFO     ___FILE_ONLY___ │
2024-08-13 14:38:02,102 INFO     ___FILE_ONLY___ 

2024-08-13 14:38:02,102 INFO     ___FILE_ONLY___ │ 
2024-08-13 14:38:02,102 INFO     ___FILE_ONLY___ Not Installed
2024-08-13 14:38:02,102 INFO     ___FILE_ONLY___  
2024-08-13 14:38:02,102 INFO     ___FILE_ONLY___ │ 
2024-08-13 14:38:02,102 INFO     ___FILE_ONLY___ gcloud Beta Commands                                
2024-08-13 14:38:02,102 INFO     ___FILE_ONLY___  
2024-08-13 14:38:02,102 INFO     ___FILE_ONLY___ │ 
2024-08-13 14:38:02,102 INFO     ___FILE_ONLY___ beta                        
2024-08-13 14:38:02,102 INFO     ___FILE_ONLY___  
2024-08-13 14:38:02,102 INFO     ___FILE_ONLY___ │ 
2024-08-13 14:38:02,102 INFO     ___FILE_ONLY___   < 1 MiB
2024-08-13 14:38:02,102 INFO     ___FILE_ONLY___  
2024-08-13 14:38:02,102 INFO     ___FILE_ONLY___ │
2024-08-13 14:38:02,102 INFO     ___FILE_ONLY___ 

2024-08-13 14:38:02,102 INFO     ___FILE_ONLY___ │ 
2024-08-13 14:38:02,102 INFO     ___FILE_ONLY___ Not Installed
2024-08-13 14:38:02,102 INFO     ___FILE_ONLY___  
2024-08-13 14:38:02,102 INFO     ___FILE_ONLY___ │ 
2024-08-13 14:38:02,102 INFO     ___FILE_ONLY___ gcloud app Java Extensions                          
2024-08-13 14:38:02,102 INFO     ___FILE_ONLY___  
2024-08-13 14:38:02,102 INFO     ___FILE_ONLY___ │ 
2024-08-13 14:38:02,102 INFO     ___FILE_ONLY___ app-engine-java             
2024-08-13 14:38:02,102 INFO     ___FILE_ONLY___  
2024-08-13 14:38:02,102 INFO     ___FILE_ONLY___ │ 
2024-08-13 14:38:02,102 INFO     ___FILE_ONLY___ 127.8 MiB
2024-08-13 14:38:02,102 INFO     ___FILE_ONLY___  
2024-08-13 14:38:02,102 INFO     ___FILE_ONLY___ │
2024-08-13 14:38:02,102 INFO     ___FILE_ONLY___ 

2024-08-13 14:38:02,102 INFO     ___FILE_ONLY___ │ 
2024-08-13 14:38:02,102 INFO     ___FILE_ONLY___ Not Installed
2024-08-13 14:38:02,102 INFO     ___FILE_ONLY___  
2024-08-13 14:38:02,102 INFO     ___FILE_ONLY___ │ 
2024-08-13 14:38:02,102 INFO     ___FILE_ONLY___ gcloud app Python Extensions                        
2024-08-13 14:38:02,102 INFO     ___FILE_ONLY___  
2024-08-13 14:38:02,102 INFO     ___FILE_ONLY___ │ 
2024-08-13 14:38:02,103 INFO     ___FILE_ONLY___ app-engine-python           
2024-08-13 14:38:02,103 INFO     ___FILE_ONLY___  
2024-08-13 14:38:02,103 INFO     ___FILE_ONLY___ │ 
2024-08-13 14:38:02,103 INFO     ___FILE_ONLY___   5.0 MiB
2024-08-13 14:38:02,103 INFO     ___FILE_ONLY___  
2024-08-13 14:38:02,103 INFO     ___FILE_ONLY___ │
2024-08-13 14:38:02,103 INFO     ___FILE_ONLY___ 

2024-08-13 14:38:02,103 INFO     ___FILE_ONLY___ │ 
2024-08-13 14:38:02,103 INFO     ___FILE_ONLY___ Not Installed
2024-08-13 14:38:02,103 INFO     ___FILE_ONLY___  
2024-08-13 14:38:02,103 INFO     ___FILE_ONLY___ │ 
2024-08-13 14:38:02,103 INFO     ___FILE_ONLY___ gcloud app Python Extensions (Extra Libraries)      
2024-08-13 14:38:02,103 INFO     ___FILE_ONLY___  
2024-08-13 14:38:02,103 INFO     ___FILE_ONLY___ │ 
2024-08-13 14:38:02,103 INFO     ___FILE_ONLY___ app-engine-python-extras    
2024-08-13 14:38:02,103 INFO     ___FILE_ONLY___  
2024-08-13 14:38:02,103 INFO     ___FILE_ONLY___ │ 
2024-08-13 14:38:02,103 INFO     ___FILE_ONLY___   < 1 MiB
2024-08-13 14:38:02,103 INFO     ___FILE_ONLY___  
2024-08-13 14:38:02,103 INFO     ___FILE_ONLY___ │
2024-08-13 14:38:02,103 INFO     ___FILE_ONLY___ 

2024-08-13 14:38:02,103 INFO     ___FILE_ONLY___ │ 
2024-08-13 14:38:02,103 INFO     ___FILE_ONLY___ Not Installed
2024-08-13 14:38:02,103 INFO     ___FILE_ONLY___  
2024-08-13 14:38:02,103 INFO     ___FILE_ONLY___ │ 
2024-08-13 14:38:02,103 INFO     ___FILE_ONLY___ gke-gcloud-auth-plugin                              
2024-08-13 14:38:02,103 INFO     ___FILE_ONLY___  
2024-08-13 14:38:02,103 INFO     ___FILE_ONLY___ │ 
2024-08-13 14:38:02,103 INFO     ___FILE_ONLY___ gke-gcloud-auth-plugin      
2024-08-13 14:38:02,103 INFO     ___FILE_ONLY___  
2024-08-13 14:38:02,103 INFO     ___FILE_ONLY___ │ 
2024-08-13 14:38:02,103 INFO     ___FILE_ONLY___   4.0 MiB
2024-08-13 14:38:02,103 INFO     ___FILE_ONLY___  
2024-08-13 14:38:02,103 INFO     ___FILE_ONLY___ │
2024-08-13 14:38:02,103 INFO     ___FILE_ONLY___ 

2024-08-13 14:38:02,103 INFO     ___FILE_ONLY___ │ 
2024-08-13 14:38:02,103 INFO     ___FILE_ONLY___ Not Installed
2024-08-13 14:38:02,103 INFO     ___FILE_ONLY___  
2024-08-13 14:38:02,103 INFO     ___FILE_ONLY___ │ 
2024-08-13 14:38:02,103 INFO     ___FILE_ONLY___ istioctl                                            
2024-08-13 14:38:02,103 INFO     ___FILE_ONLY___  
2024-08-13 14:38:02,103 INFO     ___FILE_ONLY___ │ 
2024-08-13 14:38:02,103 INFO     ___FILE_ONLY___ istioctl                    
2024-08-13 14:38:02,103 INFO     ___FILE_ONLY___  
2024-08-13 14:38:02,103 INFO     ___FILE_ONLY___ │ 
2024-08-13 14:38:02,103 INFO     ___FILE_ONLY___  24.8 MiB
2024-08-13 14:38:02,103 INFO     ___FILE_ONLY___  
2024-08-13 14:38:02,103 INFO     ___FILE_ONLY___ │
2024-08-13 14:38:02,103 INFO     ___FILE_ONLY___ 

2024-08-13 14:38:02,103 INFO     ___FILE_ONLY___ │ 
2024-08-13 14:38:02,103 INFO     ___FILE_ONLY___ Not Installed
2024-08-13 14:38:02,103 INFO     ___FILE_ONLY___  
2024-08-13 14:38:02,103 INFO     ___FILE_ONLY___ │ 
2024-08-13 14:38:02,103 INFO     ___FILE_ONLY___ kpt                                                 
2024-08-13 14:38:02,103 INFO     ___FILE_ONLY___  
2024-08-13 14:38:02,103 INFO     ___FILE_ONLY___ │ 
2024-08-13 14:38:02,104 INFO     ___FILE_ONLY___ kpt                         
2024-08-13 14:38:02,104 INFO     ___FILE_ONLY___  
2024-08-13 14:38:02,104 INFO     ___FILE_ONLY___ │ 
2024-08-13 14:38:02,104 INFO     ___FILE_ONLY___  13.8 MiB
2024-08-13 14:38:02,104 INFO     ___FILE_ONLY___  
2024-08-13 14:38:02,104 INFO     ___FILE_ONLY___ │
2024-08-13 14:38:02,104 INFO     ___FILE_ONLY___ 

2024-08-13 14:38:02,104 INFO     ___FILE_ONLY___ │ 
2024-08-13 14:38:02,104 INFO     ___FILE_ONLY___ Not Installed
2024-08-13 14:38:02,104 INFO     ___FILE_ONLY___  
2024-08-13 14:38:02,104 INFO     ___FILE_ONLY___ │ 
2024-08-13 14:38:02,104 INFO     ___FILE_ONLY___ kubectl                                             
2024-08-13 14:38:02,104 INFO     ___FILE_ONLY___  
2024-08-13 14:38:02,104 INFO     ___FILE_ONLY___ │ 
2024-08-13 14:38:02,104 INFO     ___FILE_ONLY___ kubectl                     
2024-08-13 14:38:02,104 INFO     ___FILE_ONLY___  
2024-08-13 14:38:02,104 INFO     ___FILE_ONLY___ │ 
2024-08-13 14:38:02,104 INFO     ___FILE_ONLY___   < 1 MiB
2024-08-13 14:38:02,104 INFO     ___FILE_ONLY___  
2024-08-13 14:38:02,104 INFO     ___FILE_ONLY___ │
2024-08-13 14:38:02,104 INFO     ___FILE_ONLY___ 

2024-08-13 14:38:02,104 INFO     ___FILE_ONLY___ │ 
2024-08-13 14:38:02,104 INFO     ___FILE_ONLY___ Not Installed
2024-08-13 14:38:02,104 INFO     ___FILE_ONLY___  
2024-08-13 14:38:02,104 INFO     ___FILE_ONLY___ │ 
2024-08-13 14:38:02,104 INFO     ___FILE_ONLY___ kubectl-oidc                                        
2024-08-13 14:38:02,104 INFO     ___FILE_ONLY___  
2024-08-13 14:38:02,104 INFO     ___FILE_ONLY___ │ 
2024-08-13 14:38:02,104 INFO     ___FILE_ONLY___ kubectl-oidc                
2024-08-13 14:38:02,104 INFO     ___FILE_ONLY___  
2024-08-13 14:38:02,104 INFO     ___FILE_ONLY___ │ 
2024-08-13 14:38:02,104 INFO     ___FILE_ONLY___  20.9 MiB
2024-08-13 14:38:02,104 INFO     ___FILE_ONLY___  
2024-08-13 14:38:02,104 INFO     ___FILE_ONLY___ │
2024-08-13 14:38:02,104 INFO     ___FILE_ONLY___ 

2024-08-13 14:38:02,104 INFO     ___FILE_ONLY___ │ 
2024-08-13 14:38:02,104 INFO     ___FILE_ONLY___ Not Installed
2024-08-13 14:38:02,104 INFO     ___FILE_ONLY___  
2024-08-13 14:38:02,104 INFO     ___FILE_ONLY___ │ 
2024-08-13 14:38:02,104 INFO     ___FILE_ONLY___ pkg                                                 
2024-08-13 14:38:02,104 INFO     ___FILE_ONLY___  
2024-08-13 14:38:02,104 INFO     ___FILE_ONLY___ │ 
2024-08-13 14:38:02,104 INFO     ___FILE_ONLY___ pkg                         
2024-08-13 14:38:02,104 INFO     ___FILE_ONLY___  
2024-08-13 14:38:02,104 INFO     ___FILE_ONLY___ │ 
2024-08-13 14:38:02,104 INFO     ___FILE_ONLY___          
2024-08-13 14:38:02,104 INFO     ___FILE_ONLY___  
2024-08-13 14:38:02,104 INFO     ___FILE_ONLY___ │
2024-08-13 14:38:02,104 INFO     ___FILE_ONLY___ 

2024-08-13 14:38:02,104 INFO     ___FILE_ONLY___ │ 
2024-08-13 14:38:02,104 INFO     ___FILE_ONLY___ Installed    
2024-08-13 14:38:02,104 INFO     ___FILE_ONLY___  
2024-08-13 14:38:02,104 INFO     ___FILE_ONLY___ │ 
2024-08-13 14:38:02,104 INFO     ___FILE_ONLY___ BigQuery Command Line Tool                          
2024-08-13 14:38:02,104 INFO     ___FILE_ONLY___  
2024-08-13 14:38:02,104 INFO     ___FILE_ONLY___ │ 
2024-08-13 14:38:02,104 INFO     ___FILE_ONLY___ bq                          
2024-08-13 14:38:02,104 INFO     ___FILE_ONLY___  
2024-08-13 14:38:02,104 INFO     ___FILE_ONLY___ │ 
2024-08-13 14:38:02,104 INFO     ___FILE_ONLY___   1.7 MiB
2024-08-13 14:38:02,104 INFO     ___FILE_ONLY___  
2024-08-13 14:38:02,104 INFO     ___FILE_ONLY___ │
2024-08-13 14:38:02,104 INFO     ___FILE_ONLY___ 

2024-08-13 14:38:02,105 INFO     ___FILE_ONLY___ │ 
2024-08-13 14:38:02,105 INFO     ___FILE_ONLY___ Installed    
2024-08-13 14:38:02,105 INFO     ___FILE_ONLY___  
2024-08-13 14:38:02,105 INFO     ___FILE_ONLY___ │ 
2024-08-13 14:38:02,105 INFO     ___FILE_ONLY___ Cloud Storage Command Line Tool                     
2024-08-13 14:38:02,105 INFO     ___FILE_ONLY___  
2024-08-13 14:38:02,105 INFO     ___FILE_ONLY___ │ 
2024-08-13 14:38:02,105 INFO     ___FILE_ONLY___ gsutil                      
2024-08-13 14:38:02,105 INFO     ___FILE_ONLY___  
2024-08-13 14:38:02,105 INFO     ___FILE_ONLY___ │ 
2024-08-13 14:38:02,105 INFO     ___FILE_ONLY___  11.3 MiB
2024-08-13 14:38:02,105 INFO     ___FILE_ONLY___  
2024-08-13 14:38:02,105 INFO     ___FILE_ONLY___ │
2024-08-13 14:38:02,105 INFO     ___FILE_ONLY___ 

2024-08-13 14:38:02,105 INFO     ___FILE_ONLY___ │ 
2024-08-13 14:38:02,105 INFO     ___FILE_ONLY___ Installed    
2024-08-13 14:38:02,105 INFO     ___FILE_ONLY___  
2024-08-13 14:38:02,105 INFO     ___FILE_ONLY___ │ 
2024-08-13 14:38:02,105 INFO     ___FILE_ONLY___ Google Cloud CLI Core Libraries                     
2024-08-13 14:38:02,105 INFO     ___FILE_ONLY___  
2024-08-13 14:38:02,105 INFO     ___FILE_ONLY___ │ 
2024-08-13 14:38:02,105 INFO     ___FILE_ONLY___ core                        
2024-08-13 14:38:02,105 INFO     ___FILE_ONLY___  
2024-08-13 14:38:02,105 INFO     ___FILE_ONLY___ │ 
2024-08-13 14:38:02,105 INFO     ___FILE_ONLY___  19.3 MiB
2024-08-13 14:38:02,105 INFO     ___FILE_ONLY___  
2024-08-13 14:38:02,105 INFO     ___FILE_ONLY___ │
2024-08-13 14:38:02,105 INFO     ___FILE_ONLY___ 

2024-08-13 14:38:02,105 INFO     ___FILE_ONLY___ │ 
2024-08-13 14:38:02,105 INFO     ___FILE_ONLY___ Installed    
2024-08-13 14:38:02,105 INFO     ___FILE_ONLY___  
2024-08-13 14:38:02,105 INFO     ___FILE_ONLY___ │ 
2024-08-13 14:38:02,105 INFO     ___FILE_ONLY___ Google Cloud CRC32C Hash Tool                       
2024-08-13 14:38:02,105 INFO     ___FILE_ONLY___  
2024-08-13 14:38:02,105 INFO     ___FILE_ONLY___ │ 
2024-08-13 14:38:02,105 INFO     ___FILE_ONLY___ gcloud-crc32c               
2024-08-13 14:38:02,105 INFO     ___FILE_ONLY___  
2024-08-13 14:38:02,105 INFO     ___FILE_ONLY___ │ 
2024-08-13 14:38:02,105 INFO     ___FILE_ONLY___   1.2 MiB
2024-08-13 14:38:02,105 INFO     ___FILE_ONLY___  
2024-08-13 14:38:02,105 INFO     ___FILE_ONLY___ │
2024-08-13 14:38:02,105 INFO     ___FILE_ONLY___ 

2024-08-13 14:38:02,105 INFO     ___FILE_ONLY___ └───────────────┴──────────────────────────────────────────────────────┴──────────────────────────────┴───────────┘
2024-08-13 14:38:02,105 INFO     ___FILE_ONLY___ 

2024-08-13 14:38:02,105 INFO     ___FILE_ONLY___ To install or remove components at your current SDK version [487.0.0], run:
  $ gcloud components install COMPONENT_ID
  $ gcloud components remove COMPONENT_ID

To update your SDK installation to the latest version [487.0.0], run:
  $ gcloud components update


2024-08-13 14:38:22,159 DEBUG    root            Executing command: ['curl', '--silent', '-O', 'https://dl.google.com/dl/cloudsdk/channels/rapid/python-3.11.6-macos11.tar.gz']
2024-08-13 14:38:23,271 DEBUG    root            Executing command: ['tar', '-xf', 'python-3.11.6-macos11.tar.gz']
2024-08-13 14:38:23,336 DEBUG    root            Executing command: ['sudo', 'installer', '-target', '/', '-pkg', './python-3.11.6-macos11.pkg']
2024-08-13 14:38:36,774 DEBUG    root            Loaded Command Group: ['gcloud', 'config']
2024-08-13 14:38:36,776 DEBUG    root            Loaded Command Group: ['gcloud', 'config', 'virtualenv']
2024-08-13 14:38:36,779 DEBUG    root            Loaded Command Group: ['gcloud', 'config', 'virtualenv', 'create']
2024-08-13 14:38:36,780 DEBUG    root            Running [gcloud.config.virtualenv.create] with arguments: [--python-to-use: "/Library/Frameworks/Python.framework/Versions/3.11//bin/python3"]
2024-08-13 14:38:36,780 INFO     ___FILE_ONLY___ Creating virtualenv...

2024-08-13 14:38:36,780 DEBUG    root            Executing command: ['/Library/Frameworks/Python.framework/Versions/3.11//bin/python3', '-m', 'venv', '/Users/bearydev/.config/gcloud/virtenv']
2024-08-13 14:38:38,627 DEBUG    ___FILE_ONLY___ 
2024-08-13 14:38:38,627 DEBUG    ___FILE_ONLY___ 
2024-08-13 14:38:38,627 INFO     ___FILE_ONLY___ Installing modules...

2024-08-13 14:38:38,627 DEBUG    root            Executing command: ['/Users/bearydev/.config/gcloud/virtenv/bin/pip3', 'install', '--log', '/Users/bearydev/.config/gcloud/virtenv/install_module.log', '-q', '--disable-pip-version-check', 'crcmod', 'grpcio', 'pyopenssl==23.2.0', 'google_crc32c', 'certifi', 'cryptography']
2024-08-13 14:38:45,115 DEBUG    root            Chosen display Format:default
2024-08-13 14:38:45,116 INFO     root            Display format: "default"
2024-08-13 14:38:45,117 DEBUG    root            Checking for updates...
2024-08-13 14:38:45,119 DEBUG    urllib3.connectionpool Starting new HTTPS connection (1): dl.google.com:443
2024-08-13 14:38:45,231 DEBUG    urllib3.connectionpool https://dl.google.com:443 "GET /dl/cloudsdk/channels/rapid/components-2.json HTTP/1.1" 200 223380
2024-08-13 14:38:45,348 DEBUG    root            Updating notification cache...
2024-08-13 14:38:45,353 DEBUG    root            Loaded Command Group: ['gcloud', 'config', 'virtualenv', 'enable']
2024-08-13 14:38:45,354 DEBUG    root            Running [gcloud.config.virtualenv.enable] with arguments: []
2024-08-13 14:38:45,354 INFO     ___FILE_ONLY___ Virtual env enabled.

2024-08-13 14:38:45,355 DEBUG    root            Chosen display Format:default
2024-08-13 14:38:45,355 INFO     root            Display format: "default"
