2024-08-13 14:48:06,843 DEBUG    root            Loaded Command Group: ['gcloud', 'scc']
2024-08-13 14:48:06,844 DEBUG    root            No implementation for release track [GA] for element: [/Users/bearydev/Downloads/google-cloud-sdk/lib/surface/stacks]
2024-08-13 14:48:06,844 DEBUG    root            No implementation for release track [GA] for element: [/Users/bearydev/Downloads/google-cloud-sdk/lib/surface/fault_injection]
2024-08-13 14:48:06,844 DEBUG    root            Loaded Command Group: ['gcloud', 'run']
2024-08-13 14:48:06,845 DEBUG    root            Loaded Command Group: ['gcloud', 'spanner']
2024-08-13 14:48:06,847 DEBUG    root            Loaded Command Group: ['gcloud', 'storage']
2024-08-13 14:48:06,848 DEBUG    root            Loaded Command Group: ['gcloud', 'cloud_shell']
2024-08-13 14:48:06,848 DEBUG    root            Loaded Command Group: ['gcloud', 'dns']
2024-08-13 14:48:06,848 DEBUG    root            Loaded Command Group: ['gcloud', 'essential_contacts']
2024-08-13 14:48:06,849 DEBUG    root            Loaded Command Group: ['gcloud', 'sql']
2024-08-13 14:48:06,849 DEBUG    root            Loaded Command Group: ['gcloud', 'domains']
2024-08-13 14:48:06,849 DEBUG    root            Loaded Command Group: ['gcloud', 'topic']
2024-08-13 14:48:06,860 DEBUG    root            Loaded Command Group: ['gcloud', 'api_gateway']
2024-08-13 14:48:06,860 DEBUG    root            Loaded Command Group: ['gcloud', 'config']
2024-08-13 14:48:06,861 DEBUG    root            Loaded Command Group: ['gcloud', 'edge_cache']
2024-08-13 14:48:06,861 DEBUG    root            No implementation for release track [GA] for element: [/Users/bearydev/Downloads/google-cloud-sdk/lib/surface/audit_manager]
2024-08-13 14:48:06,861 DEBUG    root            Loaded Command Group: ['gcloud', 'edge_cloud']
2024-08-13 14:48:06,861 DEBUG    root            Loaded Command Group: ['gcloud', 'deployment_manager']
2024-08-13 14:48:06,862 DEBUG    root            Loaded Command Group: ['gcloud', 'apphub']
2024-08-13 14:48:06,862 DEBUG    root            Loaded Command Group: ['gcloud', 'recaptcha']
2024-08-13 14:48:06,863 DEBUG    root            Loaded Command Group: ['gcloud', 'composer']
2024-08-13 14:48:06,863 DEBUG    root            No implementation for release track [GA] for element: [/Users/bearydev/Downloads/google-cloud-sdk/lib/surface/runtime_config]
2024-08-13 14:48:06,863 DEBUG    root            Loaded Command Group: ['gcloud', 'orglifecycle']
2024-08-13 14:48:06,864 DEBUG    root            Loaded Command Group: ['gcloud', 'transcoder']
2024-08-13 14:48:06,864 DEBUG    root            Loaded Command Group: ['gcloud', 'dataplex']
2024-08-13 14:48:06,864 DEBUG    root            Loaded Command Group: ['gcloud', 'immersive_stream']
2024-08-13 14:48:06,864 DEBUG    root            No implementation for release track [GA] for element: [/Users/bearydev/Downloads/google-cloud-sdk/lib/surface/datapipelines]
2024-08-13 14:48:06,864 DEBUG    root            No implementation for release track [GA] for element: [/Users/bearydev/Downloads/google-cloud-sdk/lib/surface/media]
2024-08-13 14:48:06,865 DEBUG    root            No implementation for release track [GA] for element: [/Users/bearydev/Downloads/google-cloud-sdk/lib/surface/resource_config]
2024-08-13 14:48:06,865 DEBUG    root            Loaded Command Group: ['gcloud', 'workspace_add_ons']
2024-08-13 14:48:06,868 DEBUG    root            Loaded Command Group: ['gcloud', 'init']
2024-08-13 14:48:06,868 DEBUG    root            Loaded Command Group: ['gcloud', 'filestore']
2024-08-13 14:48:06,869 DEBUG    root            Loaded Command Group: ['gcloud', 'auth']
2024-08-13 14:48:06,869 DEBUG    root            Loaded Command Group: ['gcloud', 'service_extensions']
2024-08-13 14:48:06,870 DEBUG    root            Loaded Command Group: ['gcloud', 'survey']
2024-08-13 14:48:06,870 DEBUG    root            Loaded Command Group: ['gcloud', 'data_catalog']
2024-08-13 14:48:06,871 DEBUG    root            Loaded Command Group: ['gcloud', 'functions']
2024-08-13 14:48:06,871 DEBUG    root            Loaded Command Group: ['gcloud', 'datastore']
2024-08-13 14:48:06,872 DEBUG    root            Loaded Command Group: ['gcloud', 'policy_intelligence']
2024-08-13 14:48:06,872 DEBUG    root            Loaded Command Group: ['gcloud', 'scheduler']
2024-08-13 14:48:06,872 DEBUG    root            No implementation for release track [GA] for element: [/Users/bearydev/Downloads/google-cloud-sdk/lib/surface/quotas]
2024-08-13 14:48:06,872 DEBUG    root            Loaded Command Group: ['gcloud', 'endpoints']
2024-08-13 14:48:06,873 DEBUG    root            Loaded Command Group: ['gcloud', 'info']
2024-08-13 14:48:06,873 DEBUG    root            Loaded Command Group: ['gcloud', 'recommender']
2024-08-13 14:48:06,874 DEBUG    root            Loaded Command Group: ['gcloud', 'assured']
2024-08-13 14:48:06,874 DEBUG    root            No implementation for release track [GA] for element: [/Users/bearydev/Downloads/google-cloud-sdk/lib/surface/managed_flink]
2024-08-13 14:48:06,874 DEBUG    root            Loaded Command Group: ['gcloud', 'vmware']
2024-08-13 14:48:06,881 DEBUG    root            Loaded Command Group: ['gcloud', 'compute']
2024-08-13 14:48:06,881 DEBUG    root            Loaded Command Group: ['gcloud', 'iam']
2024-08-13 14:48:06,882 DEBUG    root            Loaded Command Group: ['gcloud', 'privateca']
2024-08-13 14:48:06,882 DEBUG    root            Loaded Command Group: ['gcloud', 'ids']
2024-08-13 14:48:06,882 DEBUG    root            Loaded Command Group: ['gcloud', 'source']
2024-08-13 14:48:06,883 DEBUG    root            No implementation for release track [GA] for element: [/Users/bearydev/Downloads/google-cloud-sdk/lib/surface/developer_connect]
2024-08-13 14:48:06,883 DEBUG    root            Loaded Command Group: ['gcloud', 'tasks']
2024-08-13 14:48:06,883 DEBUG    root            Loaded Command Group: ['gcloud', 'network_connectivity']
2024-08-13 14:48:06,883 DEBUG    root            Loaded Command Group: ['gcloud', 'components']
2024-08-13 14:48:06,884 DEBUG    root            Loaded Command Group: ['gcloud', 'authz_toolkit']
2024-08-13 14:48:06,884 DEBUG    root            No implementation for release track [GA] for element: [/Users/bearydev/Downloads/google-cloud-sdk/lib/surface/parallelstore]
2024-08-13 14:48:06,884 DEBUG    root            No implementation for release track [GA] for element: [/Users/bearydev/Downloads/google-cloud-sdk/lib/surface/migration]
2024-08-13 14:48:06,884 DEBUG    root            Loaded Command Group: ['gcloud', 'ai']
2024-08-13 14:48:06,885 DEBUG    root            No implementation for release track [GA] for element: [/Users/bearydev/Downloads/google-cloud-sdk/lib/surface/error_reporting]
2024-08-13 14:48:06,885 DEBUG    root            Loaded Command Group: ['gcloud', 'dataproc']
2024-08-13 14:48:06,885 DEBUG    root            Loaded Command Group: ['gcloud', 'billing']
2024-08-13 14:48:06,885 DEBUG    root            Loaded Command Group: ['gcloud', 'unlock']
2024-08-13 14:48:06,886 DEBUG    root            Loaded Command Group: ['gcloud', 'network_services']
2024-08-13 14:48:06,886 DEBUG    root            Loaded Command Group: ['gcloud', 'monitoring']
2024-08-13 14:48:06,886 DEBUG    root            Loaded Command Group: ['gcloud', 'pam']
2024-08-13 14:48:06,887 DEBUG    root            No implementation for release track [GA] for element: [/Users/bearydev/Downloads/google-cloud-sdk/lib/surface/mps]
2024-08-13 14:48:06,887 DEBUG    root            No implementation for release track [GA] for element: [/Users/bearydev/Downloads/google-cloud-sdk/lib/surface/blockchain_node_engine]
2024-08-13 14:48:06,887 DEBUG    root            Loaded Command Group: ['gcloud', 'kms']
2024-08-13 14:48:06,887 DEBUG    root            Loaded Command Group: ['gcloud', 'dataflow']
2024-08-13 14:48:06,887 DEBUG    root            No implementation for release track [GA] for element: [/Users/bearydev/Downloads/google-cloud-sdk/lib/surface/spectrum_access]
2024-08-13 14:48:06,887 DEBUG    root            Loaded Command Group: ['gcloud', 'logging']
2024-08-13 14:48:06,888 DEBUG    root            Loaded Command Group: ['gcloud', 'access_approval']
2024-08-13 14:48:06,888 DEBUG    root            Loaded Command Group: ['gcloud', 'network_security']
2024-08-13 14:48:06,888 DEBUG    root            Loaded Command Group: ['gcloud', 'transfer']
2024-08-13 14:48:06,889 DEBUG    root            Loaded Command Group: ['gcloud', 'redis']
2024-08-13 14:48:06,889 DEBUG    root            Loaded Command Group: ['gcloud', 'identity']
2024-08-13 14:48:06,889 DEBUG    root            Loaded Command Group: ['gcloud', 'notebooks']
2024-08-13 14:48:06,890 DEBUG    root            No implementation for release track [GA] for element: [/Users/bearydev/Downloads/google-cloud-sdk/lib/surface/beyondcorp]
2024-08-13 14:48:06,890 DEBUG    root            No implementation for release track [GA] for element: [/Users/bearydev/Downloads/google-cloud-sdk/lib/surface/data_fusion]
2024-08-13 14:48:06,890 DEBUG    root            No implementation for release track [GA] for element: [/Users/bearydev/Downloads/google-cloud-sdk/lib/surface/dialogflow]
2024-08-13 14:48:06,890 DEBUG    root            Loaded Command Group: ['gcloud', 'workstations']
2024-08-13 14:48:06,890 DEBUG    root            Loaded Command Group: ['gcloud', 'anthos']
2024-08-13 14:48:06,890 DEBUG    root            Loaded Command Group: ['gcloud', 'backup_dr']
2024-08-13 14:48:06,891 DEBUG    root            Loaded Command Group: ['gcloud', 'apigee']
2024-08-13 14:48:06,891 DEBUG    root            No implementation for release track [GA] for element: [/Users/bearydev/Downloads/google-cloud-sdk/lib/surface/model_armor]
2024-08-13 14:48:06,891 DEBUG    root            Loaded Command Group: ['gcloud', 'metastore']
2024-08-13 14:48:06,891 DEBUG    root            Loaded Command Group: ['gcloud', 'ai_platform']
2024-08-13 14:48:06,892 DEBUG    root            Loaded Command Group: ['gcloud', 'netapp']
2024-08-13 14:48:06,892 DEBUG    root            Loaded Command Group: ['gcloud', 'docker']
2024-08-13 14:48:06,893 DEBUG    root            Loaded Command Group: ['gcloud', 'healthcare']
2024-08-13 14:48:06,893 DEBUG    root            Loaded Command Group: ['gcloud', 'workbench']
2024-08-13 14:48:06,894 DEBUG    root            Loaded Command Group: ['gcloud', 'infra_manager']
2024-08-13 14:48:06,894 DEBUG    root            No implementation for release track [GA] for element: [/Users/bearydev/Downloads/google-cloud-sdk/lib/surface/oracle_database]
2024-08-13 14:48:06,894 DEBUG    root            Loaded Command Group: ['gcloud', 'datastream']
2024-08-13 14:48:06,894 DEBUG    root            No implementation for release track [GA] for element: [/Users/bearydev/Downloads/google-cloud-sdk/lib/surface/dataproc_gdc]
2024-08-13 14:48:06,894 DEBUG    root            Loaded Command Group: ['gcloud', 'organizations']
2024-08-13 14:48:06,914 DEBUG    root            Loaded Command Group: ['gcloud', 'builds']
2024-08-13 14:48:06,914 DEBUG    root            Loaded Command Group: ['gcloud', 'workflows']
2024-08-13 14:48:06,915 DEBUG    root            Loaded Command Group: ['gcloud', 'policy_troubleshoot']
2024-08-13 14:48:06,915 DEBUG    root            Loaded Command Group: ['gcloud', 'resource_settings']
2024-08-13 14:48:06,915 DEBUG    root            No implementation for release track [GA] for element: [/Users/bearydev/Downloads/google-cloud-sdk/lib/surface/blockchain_validator]
2024-08-13 14:48:06,915 DEBUG    root            Loaded Command Group: ['gcloud', 'emulators']
2024-08-13 14:48:06,916 DEBUG    root            Loaded Command Group: ['gcloud', 'resource_manager']
2024-08-13 14:48:06,916 DEBUG    root            No implementation for release track [GA] for element: [/Users/bearydev/Downloads/google-cloud-sdk/lib/surface/seclm]
2024-08-13 14:48:06,916 DEBUG    root            No implementation for release track [GA] for element: [/Users/bearydev/Downloads/google-cloud-sdk/lib/surface/kuberun]
2024-08-13 14:48:06,916 DEBUG    root            No implementation for release track [GA] for element: [/Users/bearydev/Downloads/google-cloud-sdk/lib/surface/cbrs_spectrum_access]
2024-08-13 14:48:06,916 DEBUG    root            Loaded Command Group: ['gcloud', 'certificate_manager']
2024-08-13 14:48:06,917 DEBUG    root            No implementation for release track [GA] for element: [/Users/bearydev/Downloads/google-cloud-sdk/lib/surface/managed_kafka]
2024-08-13 14:48:06,917 DEBUG    root            Loaded Command Group: ['gcloud', 'deploy']
2024-08-13 14:48:06,917 DEBUG    root            Loaded Command Group: ['gcloud', 'iap']
2024-08-13 14:48:06,917 DEBUG    root            Loaded Command Group: ['gcloud', 'looker']
2024-08-13 14:48:06,918 DEBUG    root            Loaded Command Group: ['gcloud', 'projects']
2024-08-13 14:48:06,918 DEBUG    root            No implementation for release track [GA] for element: [/Users/bearydev/Downloads/google-cloud-sdk/lib/surface/web_security_scanner]
2024-08-13 14:48:06,918 DEBUG    root            Loaded Command Group: ['gcloud', 'services']
2024-08-13 14:48:06,918 DEBUG    root            Loaded Command Group: ['gcloud', 'meta']
2024-08-13 14:48:06,919 DEBUG    root            Loaded Command Group: ['gcloud', 'cheat_sheet']
2024-08-13 14:48:06,919 DEBUG    root            No implementation for release track [GA] for element: [/Users/bearydev/Downloads/google-cloud-sdk/lib/surface/dlp]
2024-08-13 14:48:06,919 DEBUG    root            No implementation for release track [GA] for element: [/Users/bearydev/Downloads/google-cloud-sdk/lib/surface/trace]
2024-08-13 14:48:06,919 DEBUG    root            Loaded Command Group: ['gcloud', 'artifacts']
2024-08-13 14:48:06,920 DEBUG    root            Loaded Command Group: ['gcloud', 'batch']
2024-08-13 14:48:06,920 DEBUG    root            Loaded Command Group: ['gcloud', 'ml_engine']
2024-08-13 14:48:06,920 DEBUG    root            No implementation for release track [GA] for element: [/Users/bearydev/Downloads/google-cloud-sdk/lib/surface/lifesciences]
2024-08-13 14:48:06,920 DEBUG    root            No implementation for release track [GA] for element: [/Users/bearydev/Downloads/google-cloud-sdk/lib/surface/commerce_procurement]
2024-08-13 14:48:06,921 DEBUG    root            Loaded Command Group: ['gcloud', 'help']
2024-08-13 14:48:06,922 DEBUG    root            Loaded Command Group: ['gcloud', 'eventarc']
2024-08-13 14:48:06,922 DEBUG    root            No implementation for release track [GA] for element: [/Users/bearydev/Downloads/google-cloud-sdk/lib/surface/remote_build_execution]
2024-08-13 14:48:06,922 DEBUG    root            No implementation for release track [GA] for element: [/Users/bearydev/Downloads/google-cloud-sdk/lib/surface/terraform]
2024-08-13 14:48:06,922 DEBUG    root            Loaded Command Group: ['gcloud', 'asset']
2024-08-13 14:48:06,922 DEBUG    root            Loaded Command Group: ['gcloud', 'network_management']
2024-08-13 14:48:06,936 DEBUG    root            No implementation for release track [GA] for element: [/Users/bearydev/Downloads/google-cloud-sdk/lib/surface/interactive]
2024-08-13 14:48:06,936 DEBUG    root            Loaded Command Group: ['gcloud', 'alloydb']
2024-08-13 14:48:06,937 DEBUG    root            Loaded Command Group: ['gcloud', 'active_directory']
2024-08-13 14:48:06,937 DEBUG    root            No implementation for release track [GA] for element: [/Users/bearydev/Downloads/google-cloud-sdk/lib/surface/code]
2024-08-13 14:48:06,937 DEBUG    root            Loaded Command Group: ['gcloud', 'bms']
2024-08-13 14:48:06,938 DEBUG    root            Loaded Command Group: ['gcloud', 'service_directory']
2024-08-13 14:48:06,938 DEBUG    root            No implementation for release track [GA] for element: [/Users/bearydev/Downloads/google-cloud-sdk/lib/surface/source_manager]
2024-08-13 14:48:06,938 DEBUG    root            No implementation for release track [GA] for element: [/Users/bearydev/Downloads/google-cloud-sdk/lib/surface/bq]
2024-08-13 14:48:06,938 DEBUG    root            Loaded Command Group: ['gcloud', 'app']
2024-08-13 14:48:06,939 DEBUG    root            Loaded Command Group: ['gcloud', 'pubsub']
2024-08-13 14:48:06,939 DEBUG    root            Loaded Command Group: ['gcloud', 'firestore']
2024-08-13 14:48:06,939 DEBUG    root            Loaded Command Group: ['gcloud', 'org_policies']
2024-08-13 14:48:06,940 DEBUG    root            Loaded Command Group: ['gcloud', 'telco_automation']
2024-08-13 14:48:06,940 DEBUG    root            Loaded Command Group: ['gcloud', 'memcache']
2024-08-13 14:48:06,940 DEBUG    root            No implementation for release track [GA] for element: [/Users/bearydev/Downloads/google-cloud-sdk/lib/surface/genomics]
2024-08-13 14:48:06,940 DEBUG    root            Loaded Command Group: ['gcloud', 'feedback']
2024-08-13 14:48:06,941 DEBUG    root            Loaded Command Group: ['gcloud', 'database_migration']
2024-08-13 14:48:06,941 DEBUG    root            Loaded Command Group: ['gcloud', 'ml']
2024-08-13 14:48:06,941 DEBUG    root            Loaded Command Group: ['gcloud', 'access_context_manager']
2024-08-13 14:48:06,942 DEBUG    root            No implementation for release track [GA] for element: [/Users/bearydev/Downloads/google-cloud-sdk/lib/surface/number_registry]
2024-08-13 14:48:06,942 DEBUG    root            No implementation for release track [GA] for element: [/Users/bearydev/Downloads/google-cloud-sdk/lib/surface/firebase_data_connect]
2024-08-13 14:48:06,942 DEBUG    root            Loaded Command Group: ['gcloud', 'secrets']
2024-08-13 14:48:06,942 DEBUG    root            Loaded Command Group: ['gcloud', 'publicca']
2024-08-13 14:48:06,942 DEBUG    root            Loaded Command Group: ['gcloud', 'version']
2024-08-13 14:48:06,942 DEBUG    root            Loaded Command Group: ['gcloud', 'firebase']
2024-08-13 14:48:06,943 DEBUG    root            No implementation for release track [GA] for element: [/Users/bearydev/Downloads/google-cloud-sdk/lib/surface/microservices]
2024-08-13 14:48:06,943 ERROR    root            (gcloud) Invalid choice: 'list'.
2024-08-13 14:48:07,191 DEBUG    root            Metrics reporting process started...
