2024-08-13 14:47:09,938 ERROR    root            (gcloud) Command name argument expected.
2024-08-13 14:47:09,944 DEBUG    root            No implementation for release track [GA] for element: [/Users/bearydev/Downloads/google-cloud-sdk/lib/surface/mps]
2024-08-13 14:47:09,945 DEBUG    root            No implementation for release track [GA] for element: [/Users/bearydev/Downloads/google-cloud-sdk/lib/surface/fault_injection]
2024-08-13 14:47:09,945 DEBUG    root            No implementation for release track [GA] for element: [/Users/bearydev/Downloads/google-cloud-sdk/lib/surface/kuberun]
2024-08-13 14:47:09,946 DEBUG    root            No implementation for release track [GA] for element: [/Users/bearydev/Downloads/google-cloud-sdk/lib/surface/data_fusion]
2024-08-13 14:47:09,946 DEBUG    root            Loaded Command Group: ['gcloud', 'infra_manager']
2024-08-13 14:47:09,947 DEBUG    root            No implementation for release track [GA] for element: [/Users/bearydev/Downloads/google-cloud-sdk/lib/surface/bq]
2024-08-13 14:47:09,969 DEBUG    root            Loaded Command Group: ['gcloud', 'api_gateway']
2024-08-13 14:47:09,970 DEBUG    root            Loaded Command Group: ['gcloud', 'dataplex']
2024-08-13 14:47:09,971 DEBUG    root            Loaded Command Group: ['gcloud', 'dns']
2024-08-13 14:47:09,972 DEBUG    root            Loaded Command Group: ['gcloud', 'services']
2024-08-13 14:47:09,973 DEBUG    root            Loaded Command Group: ['gcloud', 'workspace_add_ons']
2024-08-13 14:47:09,974 DEBUG    root            Loaded Command Group: ['gcloud', 'looker']
2024-08-13 14:47:09,975 DEBUG    root            Loaded Command Group: ['gcloud', 'dataproc']
2024-08-13 14:47:10,042 DEBUG    root            Loaded Command Group: ['gcloud', 'builds']
2024-08-13 14:47:10,043 DEBUG    root            Loaded Command Group: ['gcloud', 'iam']
2024-08-13 14:47:10,044 DEBUG    root            Loaded Command Group: ['gcloud', 'logging']
2024-08-13 14:47:10,059 DEBUG    root            Loaded Command Group: ['gcloud', 'compute']
2024-08-13 14:47:10,060 DEBUG    root            Loaded Command Group: ['gcloud', 'ai']
2024-08-13 14:47:10,061 DEBUG    root            Loaded Command Group: ['gcloud', 'network_security']
2024-08-13 14:47:10,062 DEBUG    root            Loaded Command Group: ['gcloud', 'asset']
2024-08-13 14:47:10,062 DEBUG    root            Loaded Command Group: ['gcloud', 'netapp']
2024-08-13 14:47:10,063 DEBUG    root            No implementation for release track [GA] for element: [/Users/bearydev/Downloads/google-cloud-sdk/lib/surface/dialogflow]
2024-08-13 14:47:10,064 DEBUG    root            Loaded Command Group: ['gcloud', 'pam']
2024-08-13 14:47:10,064 DEBUG    root            Loaded Command Group: ['gcloud', 'composer']
2024-08-13 14:47:10,065 DEBUG    root            No implementation for release track [GA] for element: [/Users/bearydev/Downloads/google-cloud-sdk/lib/surface/beyondcorp]
2024-08-13 14:47:10,065 DEBUG    root            Loaded Command Group: ['gcloud', 'metastore']
2024-08-13 14:47:10,066 DEBUG    root            Loaded Command Group: ['gcloud', 'projects']
2024-08-13 14:47:10,067 DEBUG    root            No implementation for release track [GA] for element: [/Users/bearydev/Downloads/google-cloud-sdk/lib/surface/quotas]
2024-08-13 14:47:10,067 DEBUG    root            Loaded Command Group: ['gcloud', 'source']
2024-08-13 14:47:10,068 DEBUG    root            Loaded Command Group: ['gcloud', 'scc']
2024-08-13 14:47:10,068 DEBUG    root            Loaded Command Group: ['gcloud', 'apphub']
2024-08-13 14:47:10,069 DEBUG    root            No implementation for release track [GA] for element: [/Users/bearydev/Downloads/google-cloud-sdk/lib/surface/dataproc_gdc]
2024-08-13 14:47:10,070 DEBUG    root            No implementation for release track [GA] for element: [/Users/bearydev/Downloads/google-cloud-sdk/lib/surface/managed_flink]
2024-08-13 14:47:10,070 DEBUG    root            Loaded Command Group: ['gcloud', 'org_policies']
2024-08-13 14:47:10,071 DEBUG    root            Loaded Command Group: ['gcloud', 'iap']
2024-08-13 14:47:10,071 DEBUG    root            Loaded Command Group: ['gcloud', 'bms']
2024-08-13 14:47:10,076 DEBUG    root            Loaded Command Group: ['gcloud', 'feedback']
2024-08-13 14:47:10,077 DEBUG    root            No implementation for release track [GA] for element: [/Users/bearydev/Downloads/google-cloud-sdk/lib/surface/media]
2024-08-13 14:47:10,078 DEBUG    root            Loaded Command Group: ['gcloud', 'endpoints']
2024-08-13 14:47:10,078 DEBUG    root            No implementation for release track [GA] for element: [/Users/bearydev/Downloads/google-cloud-sdk/lib/surface/trace]
2024-08-13 14:47:10,079 DEBUG    root            No implementation for release track [GA] for element: [/Users/bearydev/Downloads/google-cloud-sdk/lib/surface/remote_build_execution]
2024-08-13 14:47:10,079 DEBUG    root            No implementation for release track [GA] for element: [/Users/bearydev/Downloads/google-cloud-sdk/lib/surface/datapipelines]
2024-08-13 14:47:10,080 DEBUG    root            No implementation for release track [GA] for element: [/Users/bearydev/Downloads/google-cloud-sdk/lib/surface/number_registry]
2024-08-13 14:47:10,227 DEBUG    root            No implementation for release track [GA] for element: [/Users/bearydev/Downloads/google-cloud-sdk/lib/surface/interactive]
2024-08-13 14:47:10,228 DEBUG    root            Loaded Command Group: ['gcloud', 'redis']
2024-08-13 14:47:10,228 DEBUG    root            Loaded Command Group: ['gcloud', 'components']
2024-08-13 14:47:10,229 DEBUG    root            Loaded Command Group: ['gcloud', 'dataflow']
2024-08-13 14:47:10,230 DEBUG    root            Loaded Command Group: ['gcloud', 'datastream']
2024-08-13 14:47:10,231 DEBUG    root            Loaded Command Group: ['gcloud', 'transcoder']
2024-08-13 14:47:10,232 DEBUG    root            No implementation for release track [GA] for element: [/Users/bearydev/Downloads/google-cloud-sdk/lib/surface/web_security_scanner]
2024-08-13 14:47:10,232 DEBUG    root            No implementation for release track [GA] for element: [/Users/bearydev/Downloads/google-cloud-sdk/lib/surface/microservices]
2024-08-13 14:47:10,232 DEBUG    root            No implementation for release track [GA] for element: [/Users/bearydev/Downloads/google-cloud-sdk/lib/surface/developer_connect]
2024-08-13 14:47:10,233 DEBUG    root            Loaded Command Group: ['gcloud', 'meta']
2024-08-13 14:47:10,234 DEBUG    root            Loaded Command Group: ['gcloud', 'app']
2024-08-13 14:47:10,235 DEBUG    root            Loaded Command Group: ['gcloud', 'access_context_manager']
2024-08-13 14:47:10,236 DEBUG    root            Loaded Command Group: ['gcloud', 'recaptcha']
2024-08-13 14:47:10,236 DEBUG    root            Loaded Command Group: ['gcloud', 'kms']
2024-08-13 14:47:10,237 DEBUG    root            Loaded Command Group: ['gcloud', 'firebase']
2024-08-13 14:47:10,239 DEBUG    root            No implementation for release track [GA] for element: [/Users/bearydev/Downloads/google-cloud-sdk/lib/surface/runtime_config]
2024-08-13 14:47:10,239 DEBUG    root            Loaded Command Group: ['gcloud', 'network_connectivity']
2024-08-13 14:47:10,240 DEBUG    root            Loaded Command Group: ['gcloud', 'network_management']
2024-08-13 14:47:10,243 DEBUG    root            Loaded Command Group: ['gcloud', 'init']
2024-08-13 14:47:10,243 DEBUG    root            Loaded Command Group: ['gcloud', 'active_directory']
2024-08-13 14:47:10,244 DEBUG    root            Loaded Command Group: ['gcloud', 'ml']
2024-08-13 14:47:10,245 DEBUG    root            Loaded Command Group: ['gcloud', 'workstations']
2024-08-13 14:47:10,246 DEBUG    root            No implementation for release track [GA] for element: [/Users/bearydev/Downloads/google-cloud-sdk/lib/surface/audit_manager]
2024-08-13 14:47:10,250 DEBUG    root            Loaded Command Group: ['gcloud', 'survey']
2024-08-13 14:47:10,251 DEBUG    root            No implementation for release track [GA] for element: [/Users/bearydev/Downloads/google-cloud-sdk/lib/surface/blockchain_node_engine]
2024-08-13 14:47:10,252 DEBUG    root            Loaded Command Group: ['gcloud', 'workbench']
2024-08-13 14:47:10,252 DEBUG    root            Loaded Command Group: ['gcloud', 'batch']
2024-08-13 14:47:10,253 DEBUG    root            Loaded Command Group: ['gcloud', 'secrets']
2024-08-13 14:47:10,254 DEBUG    root            No implementation for release track [GA] for element: [/Users/bearydev/Downloads/google-cloud-sdk/lib/surface/spectrum_access]
2024-08-13 14:47:10,254 DEBUG    root            Loaded Command Group: ['gcloud', 'auth']
2024-08-13 14:47:10,259 DEBUG    root            Loaded Command Group: ['gcloud', 'help']
2024-08-13 14:47:10,260 DEBUG    root            Loaded Command Group: ['gcloud', 'anthos']
2024-08-13 14:47:10,261 DEBUG    root            Loaded Command Group: ['gcloud', 'billing']
2024-08-13 14:47:10,261 DEBUG    root            Loaded Command Group: ['gcloud', 'domains']
2024-08-13 14:47:10,262 DEBUG    root            Loaded Command Group: ['gcloud', 'unlock']
2024-08-13 14:47:10,263 DEBUG    root            Loaded Command Group: ['gcloud', 'eventarc']
2024-08-13 14:47:10,264 DEBUG    root            Loaded Command Group: ['gcloud', 'privateca']
2024-08-13 14:47:10,265 DEBUG    root            No implementation for release track [GA] for element: [/Users/bearydev/Downloads/google-cloud-sdk/lib/surface/genomics]
2024-08-13 14:47:10,265 DEBUG    root            Loaded Command Group: ['gcloud', 'scheduler']
2024-08-13 14:47:10,266 DEBUG    root            No implementation for release track [GA] for element: [/Users/bearydev/Downloads/google-cloud-sdk/lib/surface/oracle_database]
2024-08-13 14:47:10,267 DEBUG    root            Loaded Command Group: ['gcloud', 'emulators']
2024-08-13 14:47:10,268 DEBUG    root            Loaded Command Group: ['gcloud', 'immersive_stream']
2024-08-13 14:47:10,269 DEBUG    root            No implementation for release track [GA] for element: [/Users/bearydev/Downloads/google-cloud-sdk/lib/surface/dlp]
2024-08-13 14:47:10,270 DEBUG    root            Loaded Command Group: ['gcloud', 'notebooks']
2024-08-13 14:47:10,281 DEBUG    root            Loaded Command Group: ['gcloud', 'storage']
2024-08-13 14:47:10,282 DEBUG    root            Loaded Command Group: ['gcloud', 'spanner']
2024-08-13 14:47:10,283 DEBUG    root            Loaded Command Group: ['gcloud', 'orglifecycle']
2024-08-13 14:47:10,284 DEBUG    root            Loaded Command Group: ['gcloud', 'assured']
2024-08-13 14:47:10,285 DEBUG    root            Loaded Command Group: ['gcloud', 'version']
2024-08-13 14:47:10,285 DEBUG    root            Loaded Command Group: ['gcloud', 'policy_troubleshoot']
2024-08-13 14:47:10,286 DEBUG    root            Loaded Command Group: ['gcloud', 'apigee']
2024-08-13 14:47:10,287 DEBUG    root            Loaded Command Group: ['gcloud', 'workflows']
2024-08-13 14:47:10,290 DEBUG    root            Loaded Command Group: ['gcloud', 'docker']
2024-08-13 14:47:10,291 DEBUG    root            No implementation for release track [GA] for element: [/Users/bearydev/Downloads/google-cloud-sdk/lib/surface/parallelstore]
2024-08-13 14:47:10,291 DEBUG    root            Loaded Command Group: ['gcloud', 'memcache']
2024-08-13 14:47:10,292 DEBUG    root            Loaded Command Group: ['gcloud', 'tasks']
2024-08-13 14:47:10,293 DEBUG    root            Loaded Command Group: ['gcloud', 'info']
2024-08-13 14:47:10,294 DEBUG    root            Loaded Command Group: ['gcloud', 'organizations']
2024-08-13 14:47:10,295 DEBUG    root            No implementation for release track [GA] for element: [/Users/bearydev/Downloads/google-cloud-sdk/lib/surface/blockchain_validator]
2024-08-13 14:47:10,295 DEBUG    root            Loaded Command Group: ['gcloud', 'edge_cloud']
2024-08-13 14:47:10,296 DEBUG    root            Loaded Command Group: ['gcloud', 'resource_settings']
2024-08-13 14:47:10,297 DEBUG    root            Loaded Command Group: ['gcloud', 'ml_engine']
2024-08-13 14:47:10,298 DEBUG    root            No implementation for release track [GA] for element: [/Users/bearydev/Downloads/google-cloud-sdk/lib/surface/source_manager]
2024-08-13 14:47:10,298 DEBUG    root            Loaded Command Group: ['gcloud', 'filestore']
2024-08-13 14:47:10,299 DEBUG    root            Loaded Command Group: ['gcloud', 'deployment_manager']
2024-08-13 14:47:10,300 DEBUG    root            Loaded Command Group: ['gcloud', 'authz_toolkit']
2024-08-13 14:47:10,300 DEBUG    root            Loaded Command Group: ['gcloud', 'vmware']
2024-08-13 14:47:10,301 DEBUG    root            No implementation for release track [GA] for element: [/Users/bearydev/Downloads/google-cloud-sdk/lib/surface/seclm]
2024-08-13 14:47:10,301 DEBUG    root            Loaded Command Group: ['gcloud', 'resource_manager']
2024-08-13 14:47:10,302 DEBUG    root            Loaded Command Group: ['gcloud', 'deploy']
2024-08-13 14:47:10,303 DEBUG    root            No implementation for release track [GA] for element: [/Users/bearydev/Downloads/google-cloud-sdk/lib/surface/model_armor]
2024-08-13 14:47:10,304 DEBUG    root            No implementation for release track [GA] for element: [/Users/bearydev/Downloads/google-cloud-sdk/lib/surface/cbrs_spectrum_access]
2024-08-13 14:47:10,304 DEBUG    root            Loaded Command Group: ['gcloud', 'network_services']
2024-08-13 14:47:10,305 DEBUG    root            Loaded Command Group: ['gcloud', 'edge_cache']
2024-08-13 14:47:10,306 DEBUG    root            Loaded Command Group: ['gcloud', 'firestore']
2024-08-13 14:47:10,306 DEBUG    root            Loaded Command Group: ['gcloud', 'telco_automation']
2024-08-13 14:47:10,307 DEBUG    root            No implementation for release track [GA] for element: [/Users/bearydev/Downloads/google-cloud-sdk/lib/surface/migration]
2024-08-13 14:47:10,308 DEBUG    root            Loaded Command Group: ['gcloud', 'monitoring']
2024-08-13 14:47:10,309 DEBUG    root            Loaded Command Group: ['gcloud', 'essential_contacts']
2024-08-13 14:47:10,309 DEBUG    root            Loaded Command Group: ['gcloud', 'datastore']
2024-08-13 14:47:10,310 DEBUG    root            Loaded Command Group: ['gcloud', 'service_directory']
2024-08-13 14:47:10,311 DEBUG    root            Loaded Command Group: ['gcloud', 'service_extensions']
2024-08-13 14:47:10,312 DEBUG    root            Loaded Command Group: ['gcloud', 'cloud_shell']
2024-08-13 14:47:10,313 DEBUG    root            No implementation for release track [GA] for element: [/Users/bearydev/Downloads/google-cloud-sdk/lib/surface/terraform]
2024-08-13 14:47:10,313 DEBUG    root            Loaded Command Group: ['gcloud', 'policy_intelligence']
2024-08-13 14:47:10,314 DEBUG    root            Loaded Command Group: ['gcloud', 'run']
2024-08-13 14:47:10,315 DEBUG    root            Loaded Command Group: ['gcloud', 'config']
2024-08-13 14:47:10,315 DEBUG    root            Loaded Command Group: ['gcloud', 'access_approval']
2024-08-13 14:47:10,316 DEBUG    root            Loaded Command Group: ['gcloud', 'healthcare']
2024-08-13 14:47:10,316 DEBUG    root            Loaded Command Group: ['gcloud', 'ai_platform']
2024-08-13 14:47:10,317 DEBUG    root            No implementation for release track [GA] for element: [/Users/bearydev/Downloads/google-cloud-sdk/lib/surface/lifesciences]
2024-08-13 14:47:10,318 DEBUG    root            No implementation for release track [GA] for element: [/Users/bearydev/Downloads/google-cloud-sdk/lib/surface/error_reporting]
2024-08-13 14:47:10,318 DEBUG    root            Loaded Command Group: ['gcloud', 'publicca']
2024-08-13 14:47:10,319 DEBUG    root            Loaded Command Group: ['gcloud', 'data_catalog']
2024-08-13 14:47:10,320 DEBUG    root            No implementation for release track [GA] for element: [/Users/bearydev/Downloads/google-cloud-sdk/lib/surface/managed_kafka]
2024-08-13 14:47:10,320 DEBUG    root            No implementation for release track [GA] for element: [/Users/bearydev/Downloads/google-cloud-sdk/lib/surface/resource_config]
2024-08-13 14:47:10,324 DEBUG    root            No implementation for release track [GA] for element: [/Users/bearydev/Downloads/google-cloud-sdk/lib/surface/code]
2024-08-13 14:47:10,324 DEBUG    root            Loaded Command Group: ['gcloud', 'pubsub']
2024-08-13 14:47:10,325 DEBUG    root            Loaded Command Group: ['gcloud', 'topic']
2024-08-13 14:47:10,328 DEBUG    root            Loaded Command Group: ['gcloud', 'functions']
2024-08-13 14:47:10,329 DEBUG    root            Loaded Command Group: ['gcloud', 'identity']
2024-08-13 14:47:10,330 DEBUG    root            Loaded Command Group: ['gcloud', 'backup_dr']
2024-08-13 14:47:10,331 DEBUG    root            No implementation for release track [GA] for element: [/Users/bearydev/Downloads/google-cloud-sdk/lib/surface/firebase_data_connect]
2024-08-13 14:47:10,331 DEBUG    root            Loaded Command Group: ['gcloud', 'ids']
2024-08-13 14:47:10,333 DEBUG    root            No implementation for release track [GA] for element: [/Users/bearydev/Downloads/google-cloud-sdk/lib/surface/stacks]
2024-08-13 14:47:10,334 DEBUG    root            Loaded Command Group: ['gcloud', 'transfer']
2024-08-13 14:47:10,335 DEBUG    root            Loaded Command Group: ['gcloud', 'certificate_manager']
2024-08-13 14:47:10,336 DEBUG    root            Loaded Command Group: ['gcloud', 'cheat_sheet']
2024-08-13 14:47:10,336 DEBUG    root            Loaded Command Group: ['gcloud', 'recommender']
2024-08-13 14:47:10,337 DEBUG    root            Loaded Command Group: ['gcloud', 'alloydb']
2024-08-13 14:47:10,338 DEBUG    root            Loaded Command Group: ['gcloud', 'database_migration']
2024-08-13 14:47:10,339 DEBUG    root            No implementation for release track [GA] for element: [/Users/bearydev/Downloads/google-cloud-sdk/lib/surface/commerce_procurement]
2024-08-13 14:47:10,339 DEBUG    root            Loaded Command Group: ['gcloud', 'sql']
2024-08-13 14:47:10,340 DEBUG    root            Loaded Command Group: ['gcloud', 'artifacts']
2024-08-13 14:47:10,341 DEBUG    root            Chosen display Format:table[no-heading,margin=6,width=80]([0]:label='':align=left:width=22,[1]:label='':align=left:wrap)
2024-08-13 14:47:10,346 DEBUG    root            Chosen display Format:table[no-heading,margin=6,width=80]([0]:label='':align=left:width=22,[1]:label='':align=left:wrap)
2024-08-13 14:47:10,346 DEBUG    root            Chosen display Format:table[no-heading,margin=6,width=80]([0]:label='':align=left:width=22,[1]:label='':align=left:wrap)
2024-08-13 14:47:10,346 DEBUG    root            Chosen display Format:table[no-heading,margin=6,width=80]([0]:label='':align=left:width=22,[1]:label='':align=left:wrap)
2024-08-13 14:47:10,346 DEBUG    root            Chosen display Format:table[no-heading,margin=6,width=80]([0]:label='':align=left:width=22,[1]:label='':align=left:wrap)
2024-08-13 14:47:10,346 DEBUG    root            Chosen display Format:table[no-heading,margin=6,width=80]([0]:label='':align=left:width=22,[1]:label='':align=left:wrap)
2024-08-13 14:47:10,347 DEBUG    root            Chosen display Format:table[no-heading,margin=6,width=80]([0]:label='':align=left:width=22,[1]:label='':align=left:wrap)
2024-08-13 14:47:10,347 DEBUG    root            Chosen display Format:table[no-heading,margin=6,width=80]([0]:label='':align=left:width=22,[1]:label='':align=left:wrap)
2024-08-13 14:47:10,347 DEBUG    root            Chosen display Format:table[no-heading,margin=6,width=80]([0]:label='':align=left:width=22,[1]:label='':align=left:wrap)
2024-08-13 14:47:10,347 DEBUG    root            Chosen display Format:table[no-heading,margin=6,width=80]([0]:label='':align=left:width=22,[1]:label='':align=left:wrap)
2024-08-13 14:47:10,347 DEBUG    root            Chosen display Format:table[no-heading,margin=6,width=80]([0]:label='':align=left:width=22,[1]:label='':align=left:wrap)
2024-08-13 14:47:10,347 DEBUG    root            Chosen display Format:table[no-heading,margin=6,width=80]([0]:label='':align=left:width=22,[1]:label='':align=left:wrap)
2024-08-13 14:47:10,348 DEBUG    root            Chosen display Format:table[no-heading,margin=6,width=80]([0]:label='':align=left:width=22,[1]:label='':align=left:wrap)
2024-08-13 14:47:10,348 DEBUG    root            Chosen display Format:table[no-heading,margin=6,width=80]([0]:label='':align=left:width=22,[1]:label='':align=left:wrap)
2024-08-13 14:47:10,348 DEBUG    root            Chosen display Format:table[no-heading,margin=6,width=80]([0]:label='':align=left:width=22,[1]:label='':align=left:wrap)
2024-08-13 14:47:10,348 DEBUG    root            Chosen display Format:table[no-heading,margin=6,width=80]([0]:label='':align=left:width=22,[1]:label='':align=left:wrap)
2024-08-13 14:47:10,348 DEBUG    root            Chosen display Format:table[no-heading,margin=6,width=80]([0]:label='':align=left:width=22,[1]:label='':align=left:wrap)
2024-08-13 14:47:10,348 DEBUG    root            Chosen display Format:table[no-heading,margin=6,width=80]([0]:label='':align=left:width=22,[1]:label='':align=left:wrap)
2024-08-13 14:47:10,348 DEBUG    root            Chosen display Format:table[no-heading,margin=6,width=80]([0]:label='':align=left:width=22,[1]:label='':align=left:wrap)
2024-08-13 14:47:10,348 DEBUG    root            Chosen display Format:table[no-heading,margin=6,width=80]([0]:label='':align=left:width=22,[1]:label='':align=left:wrap)
2024-08-13 14:47:10,349 DEBUG    root            Chosen display Format:table[no-heading,margin=6,width=80]([0]:label='':align=left:width=22,[1]:label='':align=left:wrap)
2024-08-13 14:47:10,349 DEBUG    root            Chosen display Format:table[no-heading,margin=6,width=80]([0]:label='':align=left:width=22,[1]:label='':align=left:wrap)
2024-08-13 14:47:10,349 DEBUG    root            Chosen display Format:table[no-heading,margin=6,width=80]([0]:label='':align=left:width=22,[1]:label='':align=left:wrap)
2024-08-13 14:47:10,349 DEBUG    root            Chosen display Format:table[no-heading,margin=6,width=80]([0]:label='':align=left:width=22,[1]:label='':align=left:wrap)
2024-08-13 14:47:10,349 DEBUG    root            Chosen display Format:table[no-heading,margin=6,width=80]([0]:label='':align=left:width=22,[1]:label='':align=left:wrap)
2024-08-13 14:47:10,349 DEBUG    root            Chosen display Format:table[no-heading,margin=6,width=80]([0]:label='':align=left:width=22,[1]:label='':align=left:wrap)
2024-08-13 14:47:12,455 DEBUG    root            Metrics reporting process started...
