2024-08-13 14:48:33,563 DEBUG    root            Loaded Command Group: ['gcloud', 'auth']
2024-08-13 14:48:33,571 DEBUG    root            Loaded Command Group: ['gcloud', 'auth', 'login']
2024-08-13 14:48:33,572 DEBUG    root            Running [gcloud.auth.login] with arguments: []
2024-08-13 14:48:33,595 DEBUG    requests_oauthlib.oauth2_session Generated new state zdlkS17ydSHPPMGSoGupdg0VVFb8Yh.
2024-08-13 14:48:33,725 INFO     ___FILE_ONLY___ Your browser has been opened to visit:

    https://accounts.google.com/o/oauth2/auth?response_type=code&client_id=32555940559.apps.googleusercontent.com&redirect_uri=http%3A%2F%2Flocalhost%3A8085%2F&scope=openid+https%3A%2F%2Fwww.googleapis.com%2Fauth%2Fuserinfo.email+https%3A%2F%2Fwww.googleapis.com%2Fauth%2Fcloud-platform+https%3A%2F%2Fwww.googleapis.com%2Fauth%2Fappengine.admin+https%3A%2F%2Fwww.googleapis.com%2Fauth%2Fsqlservice.login+https%3A%2F%2Fwww.googleapis.com%2Fauth%2Fcompute+https%3A%2F%2Fwww.googleapis.com%2Fauth%2Faccounts.reauth&state=zdlkS17ydSHPPMGSoGupdg0VVFb8Yh&access_type=offline&code_challenge=GciIJUXOFmiRrANNbteYddOyl600Fc-eiYsNaiL3wvk&code_challenge_method=S256


2024-08-13 14:48:41,833 INFO     google_auth_oauthlib.flow "GET /?state=zdlkS17ydSHPPMGSoGupdg0VVFb8Yh&code=4/0AcvDMrAjkeePL8x9LABIHU-uMObPAm0FydFsJbdzg2DzHJJ0lVVl_SzKrZ66G29xH-w4vg&scope=email%20openid%20https://www.googleapis.com/auth/userinfo.email%20https://www.googleapis.com/auth/cloud-platform%20https://www.googleapis.com/auth/appengine.admin%20https://www.googleapis.com/auth/sqlservice.login%20https://www.googleapis.com/auth/compute%20https://www.googleapis.com/auth/accounts.reauth&authuser=1&prompt=consent HTTP/1.1" 200 959
2024-08-13 14:48:41,834 DEBUG    requests_oauthlib.oauth2_session Requesting url https://oauth2.googleapis.com/token using method POST.
2024-08-13 14:48:41,834 DEBUG    requests_oauthlib.oauth2_session Supplying headers {b'Accept': b'application/json', b'Content-Type': b'application/x-www-form-urlencoded;charset=UTF-8', b'user-agent': b'google-cloud-sdk gcloud/487.0.0 command/gcloud.auth.login invocation-id/ba16d7c36e56426e9796aebbf90820ca environment/None environment-version/None client-os/MACOSX client-os-ver/23.6.0 client-pltf-arch/arm interactive/True from-script/False python/3.11.6 term/xterm-256color (Macintosh; Intel Mac OS X 23.6.0)'} and data {'grant_type': 'authorization_code', 'client_id': '32555940559.apps.googleusercontent.com', 'client_secret': 'ZmssLNjJy2998hD4CTg2ejr2', 'code': '4/0AcvDMrAjkeePL8x9LABIHU-uMObPAm0FydFsJbdzg2DzHJJ0lVVl_SzKrZ66G29xH-w4vg', 'redirect_uri': 'http://localhost:8085/', 'code_verifier': 'gKzXLF-iNKX2lL57IuOBlQJakO0NDLwfXVw8NkPtOSs_kody8ezp-PG-YXhsSt5o7xJLf9d0jbO..7mi1PYTUpuTgtEFmd6Dt_uy2yVe7NanGeboDyR6e6LYcWou10-f'}
2024-08-13 14:48:41,834 DEBUG    requests_oauthlib.oauth2_session Passing through key word arguments {'json': None, 'timeout': None, 'auth': None, 'verify': None, 'proxies': None}.
2024-08-13 14:48:41,850 DEBUG    urllib3.connectionpool Starting new HTTPS connection (1): oauth2.googleapis.com:443
2024-08-13 14:48:42,029 DEBUG    urllib3.connectionpool https://oauth2.googleapis.com:443 "POST /token HTTP/1.1" 200 None
2024-08-13 14:48:42,030 DEBUG    requests_oauthlib.oauth2_session Prepared fetch token request body grant_type=authorization_code&client_id=32555940559.apps.googleusercontent.com&client_secret=ZmssLNjJy2998hD4CTg2ejr2&code=4%2F0AcvDMrAjkeePL8x9LABIHU-uMObPAm0FydFsJbdzg2DzHJJ0lVVl_SzKrZ66G29xH-w4vg&redirect_uri=http%3A%2F%2Flocalhost%3A8085%2F&code_verifier=gKzXLF-iNKX2lL57IuOBlQJakO0NDLwfXVw8NkPtOSs_kody8ezp-PG-YXhsSt5o7xJLf9d0jbO..7mi1PYTUpuTgtEFmd6Dt_uy2yVe7NanGeboDyR6e6LYcWou10-f
2024-08-13 14:48:42,030 DEBUG    requests_oauthlib.oauth2_session Request to fetch token completed with status 200.
2024-08-13 14:48:42,031 DEBUG    requests_oauthlib.oauth2_session Request headers were {'user-agent': b'google-cloud-sdk gcloud/487.0.0 command/gcloud.auth.login invocation-id/ba16d7c36e56426e9796aebbf90820ca environment/None environment-version/None client-os/MACOSX client-os-ver/23.6.0 client-pltf-arch/arm interactive/True from-script/False python/3.11.6 term/xterm-256color (Macintosh; Intel Mac OS X 23.6.0)', 'Accept-Encoding': 'gzip, deflate', 'Accept': b'application/json', 'Connection': 'keep-alive', 'Content-Type': b'application/x-www-form-urlencoded;charset=UTF-8', 'Content-Length': '387'}
2024-08-13 14:48:42,031 DEBUG    requests_oauthlib.oauth2_session Request body was grant_type=authorization_code&client_id=32555940559.apps.googleusercontent.com&client_secret=ZmssLNjJy2998hD4CTg2ejr2&code=4%2F0AcvDMrAjkeePL8x9LABIHU-uMObPAm0FydFsJbdzg2DzHJJ0lVVl_SzKrZ66G29xH-w4vg&redirect_uri=http%3A%2F%2Flocalhost%3A8085%2F&code_verifier=gKzXLF-iNKX2lL57IuOBlQJakO0NDLwfXVw8NkPtOSs_kody8ezp-PG-YXhsSt5o7xJLf9d0jbO..7mi1PYTUpuTgtEFmd6Dt_uy2yVe7NanGeboDyR6e6LYcWou10-f
2024-08-13 14:48:42,031 DEBUG    requests_oauthlib.oauth2_session Response headers were {'Date': 'Tue, 13 Aug 2024 07:48:42 GMT', 'Expires': 'Mon, 01 Jan 1990 00:00:00 GMT', 'Cache-Control': 'no-cache, no-store, max-age=0, must-revalidate', 'Pragma': 'no-cache', 'Content-Type': 'application/json; charset=utf-8', 'Vary': 'Origin, X-Origin, Referer', 'Content-Encoding': 'gzip', 'Server': 'scaffolding on HTTPServer2', 'X-XSS-Protection': '0', 'X-Frame-Options': 'SAMEORIGIN', 'X-Content-Type-Options': 'nosniff', 'Alt-Svc': 'h3=":443"; ma=2592000,h3-29=":443"; ma=2592000', 'Transfer-Encoding': 'chunked'} and content {
  "access_token": "ya29.a0AcM612wgDE-fzIdJimigRM3R0dqYE9XBDLQwMPCe7r8R2nxdgXTpsSAJj1AKHuKHMrmttvAvrwHnIOOJ8igJdxnheIxa_1aduMTwcR9snI30Z-yYOBOWHHzl8_CACGY-xqiE4Lsq00yCGYDGnZeYOZGM0bt48hOGzg3JHfDpwAaCgYKAQ4SARESFQHGX2Mi_7WmFotu6MG41-LGBVpbzg0177",
  "expires_in": 3599,
  "refresh_token": "1//0gKR6_7tcBsLoCgYIARAAGBASNwF-L9Irfy1fx1svBfjbVkfMvWtSfNWEBjhkHTIm3snYxErprMuaFHTdB1G6sNUykD2-rlFMiHc",
  "scope": "https://www.googleapis.com/auth/cloud-platform https://www.googleapis.com/auth/accounts.reauth https://www.googleapis.com/auth/compute https://www.googleapis.com/auth/userinfo.email https://www.googleapis.com/auth/appengine.admin https://www.googleapis.com/auth/sqlservice.login openid",
  "token_type": "Bearer",
  "id_token": "eyJhbGciOiJSUzI1NiIsImtpZCI6IjQ1MjljNDA5Zjc3YTEwNmZiNjdlZTFhODVkMTY4ZmQyY2ZiN2MwYjciLCJ0eXAiOiJKV1QifQ.eyJpc3MiOiJodHRwczovL2FjY291bnRzLmdvb2dsZS5jb20iLCJhenAiOiIzMjU1NTk0MDU1OS5hcHBzLmdvb2dsZXVzZXJjb250ZW50LmNvbSIsImF1ZCI6IjMyNTU1OTQwNTU5LmFwcHMuZ29vZ2xldXNlcmNvbnRlbnQuY29tIiwic3ViIjoiMTA0MDE3NjAwNTI0NjkzMjU2NzY3IiwiZW1haWwiOiJyZWRyeC5kZXZAZ21haWwuY29tIiwiZW1haWxfdmVyaWZpZWQiOnRydWUsImF0X2hhc2giOiIwd01OeUVFSDB1VkVOeEtfcFFGQkxBIiwiaWF0IjoxNzIzNTM1MzIyLCJleHAiOjE3MjM1Mzg5MjJ9.zLpr45RXyfDK2AcWngLgy-psEe0CBGkcy7o1Nkjk1C62QB4cSQlectBCR4Li622fvRI2OPVWmUzuQM6GgzfdF7UcbYdfX7l8Uo6fQcTOq5lFk3ub2FX_UXJjwZjdWQtmTOcZXqrkx3fpxNZfrXjYwUbD7i7mjEuMU5x1JnvwwLn6dhuKgHljz6AeRzeA16Ic0OITCcF8byTkCDIcUGWDbG_gsH8di5ap9ln98odk45Ws4MOLnBK37lu1kJtZMAVvUJXCeevx9dNo__hChuIVz8m-cgojYs561jztaGy5e4ZR85EpwYByqKhdw4qTy4uuKaY6xvxj1CN3FmILoxbjtQ"
}.
2024-08-13 14:48:42,031 DEBUG    requests_oauthlib.oauth2_session Invoking 0 token response hooks.
2024-08-13 14:48:42,031 DEBUG    requests_oauthlib.oauth2_session Obtained token {'access_token': 'ya29.a0AcM612wgDE-fzIdJimigRM3R0dqYE9XBDLQwMPCe7r8R2nxdgXTpsSAJj1AKHuKHMrmttvAvrwHnIOOJ8igJdxnheIxa_1aduMTwcR9snI30Z-yYOBOWHHzl8_CACGY-xqiE4Lsq00yCGYDGnZeYOZGM0bt48hOGzg3JHfDpwAaCgYKAQ4SARESFQHGX2Mi_7WmFotu6MG41-LGBVpbzg0177', 'expires_in': 3599, 'refresh_token': '1//0gKR6_7tcBsLoCgYIARAAGBASNwF-L9Irfy1fx1svBfjbVkfMvWtSfNWEBjhkHTIm3snYxErprMuaFHTdB1G6sNUykD2-rlFMiHc', 'scope': ['https://www.googleapis.com/auth/cloud-platform', 'https://www.googleapis.com/auth/accounts.reauth', 'https://www.googleapis.com/auth/compute', 'https://www.googleapis.com/auth/userinfo.email', 'https://www.googleapis.com/auth/appengine.admin', 'https://www.googleapis.com/auth/sqlservice.login', 'openid'], 'token_type': 'Bearer', 'id_token': 'eyJhbGciOiJSUzI1NiIsImtpZCI6IjQ1MjljNDA5Zjc3YTEwNmZiNjdlZTFhODVkMTY4ZmQyY2ZiN2MwYjciLCJ0eXAiOiJKV1QifQ.eyJpc3MiOiJodHRwczovL2FjY291bnRzLmdvb2dsZS5jb20iLCJhenAiOiIzMjU1NTk0MDU1OS5hcHBzLmdvb2dsZXVzZXJjb250ZW50LmNvbSIsImF1ZCI6IjMyNTU1OTQwNTU5LmFwcHMuZ29vZ2xldXNlcmNvbnRlbnQuY29tIiwic3ViIjoiMTA0MDE3NjAwNTI0NjkzMjU2NzY3IiwiZW1haWwiOiJyZWRyeC5kZXZAZ21haWwuY29tIiwiZW1haWxfdmVyaWZpZWQiOnRydWUsImF0X2hhc2giOiIwd01OeUVFSDB1VkVOeEtfcFFGQkxBIiwiaWF0IjoxNzIzNTM1MzIyLCJleHAiOjE3MjM1Mzg5MjJ9.zLpr45RXyfDK2AcWngLgy-psEe0CBGkcy7o1Nkjk1C62QB4cSQlectBCR4Li622fvRI2OPVWmUzuQM6GgzfdF7UcbYdfX7l8Uo6fQcTOq5lFk3ub2FX_UXJjwZjdWQtmTOcZXqrkx3fpxNZfrXjYwUbD7i7mjEuMU5x1JnvwwLn6dhuKgHljz6AeRzeA16Ic0OITCcF8byTkCDIcUGWDbG_gsH8di5ap9ln98odk45Ws4MOLnBK37lu1kJtZMAVvUJXCeevx9dNo__hChuIVz8m-cgojYs561jztaGy5e4ZR85EpwYByqKhdw4qTy4uuKaY6xvxj1CN3FmILoxbjtQ', 'expires_at': 1723538921.031404}.
2024-08-13 14:48:42,045 INFO     ___FILE_ONLY___ 
You are now logged in as [redrx.dev@gmail.com].
Your current project is [civic-shell-432406-s0].  You can change this setting by running:
  $ gcloud config set project PROJECT_ID

2024-08-13 14:48:42,045 DEBUG    root            Chosen display Format:none
2024-08-13 14:48:42,046 INFO     root            Display format: "none"
2024-08-13 14:48:42,070 DEBUG    root            Metrics reporting process started...
