2024-08-13 14:41:46,718 DEBUG    root            Loaded Command Group: ['gcloud', 'init']
2024-08-13 14:41:46,719 DEBUG    root            Running [gcloud.init] with arguments: []
2024-08-13 14:41:46,719 INFO     ___FILE_ONLY___ Welcome! This command will take you through the configuration of gcloud.


2024-08-13 14:41:46,719 INFO     ___FILE_ONLY___ Your current configuration has been set to: [default]


2024-08-13 14:41:46,719 INFO     ___FILE_ONLY___ You can skip diagnostics next time by using the following flag:

2024-08-13 14:41:46,719 INFO     ___FILE_ONLY___   gcloud init --skip-diagnostics


2024-08-13 14:41:46,720 INFO     ___FILE_ONLY___ Network diagnostic detects and fixes local network connection issues.

2024-08-13 14:41:46,720 INFO     ___FILE_ONLY___ Checking network connection...
2024-08-13 14:41:48,752 DEBUG    urllib3.connectionpool Starting new HTTPS connection (1): accounts.google.com:443
2024-08-13 14:41:48,911 DEBUG    urllib3.connectionpool https://accounts.google.com:443 "GET / HTTP/1.1" 302 365
2024-08-13 14:41:48,964 DEBUG    urllib3.connectionpool https://accounts.google.com:443 "GET /ServiceLogin?passive=1209600&continue=https%3A%2F%2Faccounts.google.com%2F&followup=https%3A%2F%2Faccounts.google.com%2F HTTP/1.1" 302 0
2024-08-13 14:41:49,035 DEBUG    urllib3.connectionpool https://accounts.google.com:443 "GET /InteractiveLogin?continue=https://accounts.google.com/&followup=https://accounts.google.com/&passive=1209600&ifkv=Ab5oB3o2pogB0LwErqiogJuOhDnl9VjV4Us6y60pYB3fxv4LpNmCZgeT7GJvgjjpr98CS4eNKF0p HTTP/1.1" 302 552
2024-08-13 14:41:49,102 DEBUG    urllib3.connectionpool https://accounts.google.com:443 "GET /v3/signin/identifier?continue=https%3A%2F%2Faccounts.google.com%2F&followup=https%3A%2F%2Faccounts.google.com%2F&ifkv=Ab5oB3qu1OKnNmfHH5i3gebgXVhgqg6JTuX_Rbv1BVjz_lBQvb2FX69-g3XdaMVOXK4F0PM_Ds5G&passive=1209600&flowName=WebLiteSignIn&flowEntry=ServiceLogin&dsh=S1245492106%3A1723534909119035 HTTP/1.1" 200 None
2024-08-13 14:41:49,181 DEBUG    urllib3.connectionpool Starting new HTTPS connection (1): cloudresourcemanager.googleapis.com:443
2024-08-13 14:41:50,408 DEBUG    urllib3.connectionpool https://cloudresourcemanager.googleapis.com:443 "GET /v1beta1/projects HTTP/1.1" 401 None
2024-08-13 14:41:50,419 DEBUG    urllib3.connectionpool Starting new HTTPS connection (1): www.googleapis.com:443
2024-08-13 14:41:50,560 DEBUG    urllib3.connectionpool https://www.googleapis.com:443 "GET /auth/cloud-platform HTTP/1.1" 200 14
2024-08-13 14:41:50,569 DEBUG    urllib3.connectionpool Starting new HTTPS connection (1): dl.google.com:443
2024-08-13 14:41:50,716 DEBUG    urllib3.connectionpool https://dl.google.com:443 "GET /dl/cloudsdk/channels/rapid/components-2.json HTTP/1.1" 200 223380
2024-08-13 14:41:51,741 INFO     ___FILE_ONLY___ Reachability Check passed.

2024-08-13 14:41:51,741 INFO     ___FILE_ONLY___ Network diagnostic passed (1/1 checks passed).


2024-08-13 14:41:54,575 DEBUG    root            Loaded Command Group: ['gcloud', 'auth']
2024-08-13 14:41:54,604 DEBUG    root            Loaded Command Group: ['gcloud', 'auth', 'login']
2024-08-13 14:41:54,605 INFO     root            Executing: [gcloud auth login --force --brief]
2024-08-13 14:41:54,607 DEBUG    root            Running [gcloud.auth.login] with arguments: [--brief: "True", --force: "True"]
2024-08-13 14:41:54,683 DEBUG    requests_oauthlib.oauth2_session Generated new state 4vExy8Ylx9IUVnMMZsCzNZ4IV1tfCm.
2024-08-13 14:41:54,866 INFO     ___FILE_ONLY___ Your browser has been opened to visit:

    https://accounts.google.com/o/oauth2/auth?response_type=code&client_id=32555940559.apps.googleusercontent.com&redirect_uri=http%3A%2F%2Flocalhost%3A8085%2F&scope=openid+https%3A%2F%2Fwww.googleapis.com%2Fauth%2Fuserinfo.email+https%3A%2F%2Fwww.googleapis.com%2Fauth%2Fcloud-platform+https%3A%2F%2Fwww.googleapis.com%2Fauth%2Fappengine.admin+https%3A%2F%2Fwww.googleapis.com%2Fauth%2Fsqlservice.login+https%3A%2F%2Fwww.googleapis.com%2Fauth%2Fcompute+https%3A%2F%2Fwww.googleapis.com%2Fauth%2Faccounts.reauth&state=4vExy8Ylx9IUVnMMZsCzNZ4IV1tfCm&access_type=offline&code_challenge=g0NYUj-REQeSvhgzKOgO0mtEB9P0wcNHUAEO2VYLXMU&code_challenge_method=S256


2024-08-13 14:42:02,557 INFO     google_auth_oauthlib.flow "GET /?state=4vExy8Ylx9IUVnMMZsCzNZ4IV1tfCm&code=4/0AcvDMrDhCeTMAVLSCAa81x4ygz4ZL04j_NCzcnfBjSDU-CAXagskAZFbqj3ktYpiFeH5eQ&scope=email%20openid%20https://www.googleapis.com/auth/userinfo.email%20https://www.googleapis.com/auth/cloud-platform%20https://www.googleapis.com/auth/appengine.admin%20https://www.googleapis.com/auth/sqlservice.login%20https://www.googleapis.com/auth/compute%20https://www.googleapis.com/auth/accounts.reauth&authuser=1&prompt=consent HTTP/1.1" 200 959
2024-08-13 14:42:02,558 DEBUG    requests_oauthlib.oauth2_session Requesting url https://oauth2.googleapis.com/token using method POST.
2024-08-13 14:42:02,558 DEBUG    requests_oauthlib.oauth2_session Supplying headers {b'Accept': b'application/json', b'Content-Type': b'application/x-www-form-urlencoded;charset=UTF-8', b'user-agent': b'google-cloud-sdk gcloud/487.0.0 command/gcloud.auth.login invocation-id/5e7d47b5dbe2417aa0d2f993a9069b6e environment/None environment-version/None client-os/MACOSX client-os-ver/23.6.0 client-pltf-arch/arm interactive/True from-script/False python/3.11.6 term/xterm-256color (Macintosh; Intel Mac OS X 23.6.0)'} and data {'grant_type': 'authorization_code', 'client_id': '32555940559.apps.googleusercontent.com', 'client_secret': 'ZmssLNjJy2998hD4CTg2ejr2', 'code': '4/0AcvDMrDhCeTMAVLSCAa81x4ygz4ZL04j_NCzcnfBjSDU-CAXagskAZFbqj3ktYpiFeH5eQ', 'redirect_uri': 'http://localhost:8085/', 'code_verifier': 'Wi7ldg9CMVgOTPZT6lxlU2h.vr-P0qRg9T24Shqqmi9-odv~raZ8kzwJsW5kLcuy_pLjEac~-EQyN048UnO_YFrjR8Ycd6.VQpjkHSqmt6-mCQQyt1.Ef.JsavWrd6HG'}
2024-08-13 14:42:02,558 DEBUG    requests_oauthlib.oauth2_session Passing through key word arguments {'json': None, 'timeout': None, 'auth': None, 'verify': None, 'proxies': None}.
2024-08-13 14:42:02,568 DEBUG    urllib3.connectionpool Starting new HTTPS connection (1): oauth2.googleapis.com:443
2024-08-13 14:42:02,746 DEBUG    urllib3.connectionpool https://oauth2.googleapis.com:443 "POST /token HTTP/1.1" 200 None
2024-08-13 14:42:02,747 DEBUG    requests_oauthlib.oauth2_session Prepared fetch token request body grant_type=authorization_code&client_id=32555940559.apps.googleusercontent.com&client_secret=ZmssLNjJy2998hD4CTg2ejr2&code=4%2F0AcvDMrDhCeTMAVLSCAa81x4ygz4ZL04j_NCzcnfBjSDU-CAXagskAZFbqj3ktYpiFeH5eQ&redirect_uri=http%3A%2F%2Flocalhost%3A8085%2F&code_verifier=Wi7ldg9CMVgOTPZT6lxlU2h.vr-P0qRg9T24Shqqmi9-odv~raZ8kzwJsW5kLcuy_pLjEac~-EQyN048UnO_YFrjR8Ycd6.VQpjkHSqmt6-mCQQyt1.Ef.JsavWrd6HG
2024-08-13 14:42:02,747 DEBUG    requests_oauthlib.oauth2_session Request to fetch token completed with status 200.
2024-08-13 14:42:02,748 DEBUG    requests_oauthlib.oauth2_session Request headers were {'user-agent': b'google-cloud-sdk gcloud/487.0.0 command/gcloud.auth.login invocation-id/5e7d47b5dbe2417aa0d2f993a9069b6e environment/None environment-version/None client-os/MACOSX client-os-ver/23.6.0 client-pltf-arch/arm interactive/True from-script/False python/3.11.6 term/xterm-256color (Macintosh; Intel Mac OS X 23.6.0)', 'Accept-Encoding': 'gzip, deflate', 'Accept': b'application/json', 'Connection': 'keep-alive', 'Content-Type': b'application/x-www-form-urlencoded;charset=UTF-8', 'Content-Length': '387'}
2024-08-13 14:42:02,748 DEBUG    requests_oauthlib.oauth2_session Request body was grant_type=authorization_code&client_id=32555940559.apps.googleusercontent.com&client_secret=ZmssLNjJy2998hD4CTg2ejr2&code=4%2F0AcvDMrDhCeTMAVLSCAa81x4ygz4ZL04j_NCzcnfBjSDU-CAXagskAZFbqj3ktYpiFeH5eQ&redirect_uri=http%3A%2F%2Flocalhost%3A8085%2F&code_verifier=Wi7ldg9CMVgOTPZT6lxlU2h.vr-P0qRg9T24Shqqmi9-odv~raZ8kzwJsW5kLcuy_pLjEac~-EQyN048UnO_YFrjR8Ycd6.VQpjkHSqmt6-mCQQyt1.Ef.JsavWrd6HG
2024-08-13 14:42:02,748 DEBUG    requests_oauthlib.oauth2_session Response headers were {'Cache-Control': 'no-cache, no-store, max-age=0, must-revalidate', 'Expires': 'Mon, 01 Jan 1990 00:00:00 GMT', 'Pragma': 'no-cache', 'Date': 'Tue, 13 Aug 2024 07:42:02 GMT', 'Content-Type': 'application/json; charset=utf-8', 'Vary': 'Origin, X-Origin, Referer', 'Content-Encoding': 'gzip', 'Server': 'scaffolding on HTTPServer2', 'X-XSS-Protection': '0', 'X-Frame-Options': 'SAMEORIGIN', 'X-Content-Type-Options': 'nosniff', 'Alt-Svc': 'h3=":443"; ma=2592000,h3-29=":443"; ma=2592000', 'Transfer-Encoding': 'chunked'} and content {
  "access_token": "ya29.a0AcM612z8rQbANlFX3nekNYHLugilVPuGLdNd0q5LhLo4Izmy7_I9Bq-yBZeaPoPR7OmFlxK16mhqCatBoIiEDYdLXIC-NhgfXbuGLZOaJUFikB6_HpT8CSbj6TfKVWcw4-Z7whKBcvAV4X7jQf5v4vLoHTzY1c_gLR8J5KetEAaCgYKAQcSARESFQHGX2MirRt8elBLsEWzWlSlWEyHUA0177",
  "expires_in": 3599,
  "refresh_token": "1//0gsRW7zlxNgdJCgYIARAAGBASNwF-L9IrTktvQmp7ii1czPsQ327ckVDgGYvPw9JxvdcgTFSci8tFeaHYtXRrfW5WlCOL8vbIxoU",
  "scope": "https://www.googleapis.com/auth/appengine.admin https://www.googleapis.com/auth/sqlservice.login https://www.googleapis.com/auth/accounts.reauth https://www.googleapis.com/auth/compute https://www.googleapis.com/auth/userinfo.email openid https://www.googleapis.com/auth/cloud-platform",
  "token_type": "Bearer",
  "id_token": "eyJhbGciOiJSUzI1NiIsImtpZCI6IjQ1MjljNDA5Zjc3YTEwNmZiNjdlZTFhODVkMTY4ZmQyY2ZiN2MwYjciLCJ0eXAiOiJKV1QifQ.eyJpc3MiOiJodHRwczovL2FjY291bnRzLmdvb2dsZS5jb20iLCJhenAiOiIzMjU1NTk0MDU1OS5hcHBzLmdvb2dsZXVzZXJjb250ZW50LmNvbSIsImF1ZCI6IjMyNTU1OTQwNTU5LmFwcHMuZ29vZ2xldXNlcmNvbnRlbnQuY29tIiwic3ViIjoiMTA0MDE3NjAwNTI0NjkzMjU2NzY3IiwiZW1haWwiOiJyZWRyeC5kZXZAZ21haWwuY29tIiwiZW1haWxfdmVyaWZpZWQiOnRydWUsImF0X2hhc2giOiJJM2ZYQWlpZG5OUWgxWk1GWFVIZ2V3IiwiaWF0IjoxNzIzNTM0OTIyLCJleHAiOjE3MjM1Mzg1MjJ9.Ebzl3u7SlicjPKHaSJeUgwMNzAQ1ufn9jbm-d2UfiRhJFFVx7txPlTUhzgQDmtcFOI0zrmnzRGTdbNKGPAlu8BiNPLhAtW2xOUpbpL1Urc69KSJVPYH8ktTi-hBIqphCSWE4gUEtT86ARwzTshQjFYk3K5O4ZdA88NsGouTgMNjMs9eMP4Z1aiRFSofrasEc5nInjfLvGp8mFBLdC2aKergbUGp2LGmHxvUauwk8Qt-UHN8Ra7X_85S_o_Bs-hQJT5JNxwx4K_tgpmxuwCWrIV8i-sB_UdrglOBEIwu_9nCVqxZyvWuIhHxkDHP_P-oHJdvrHxqDJVcveSMyeQIgiw"
}.
2024-08-13 14:42:02,748 DEBUG    requests_oauthlib.oauth2_session Invoking 0 token response hooks.
2024-08-13 14:42:02,749 DEBUG    requests_oauthlib.oauth2_session Obtained token {'access_token': 'ya29.a0AcM612z8rQbANlFX3nekNYHLugilVPuGLdNd0q5LhLo4Izmy7_I9Bq-yBZeaPoPR7OmFlxK16mhqCatBoIiEDYdLXIC-NhgfXbuGLZOaJUFikB6_HpT8CSbj6TfKVWcw4-Z7whKBcvAV4X7jQf5v4vLoHTzY1c_gLR8J5KetEAaCgYKAQcSARESFQHGX2MirRt8elBLsEWzWlSlWEyHUA0177', 'expires_in': 3599, 'refresh_token': '1//0gsRW7zlxNgdJCgYIARAAGBASNwF-L9IrTktvQmp7ii1czPsQ327ckVDgGYvPw9JxvdcgTFSci8tFeaHYtXRrfW5WlCOL8vbIxoU', 'scope': ['https://www.googleapis.com/auth/appengine.admin', 'https://www.googleapis.com/auth/sqlservice.login', 'https://www.googleapis.com/auth/accounts.reauth', 'https://www.googleapis.com/auth/compute', 'https://www.googleapis.com/auth/userinfo.email', 'openid', 'https://www.googleapis.com/auth/cloud-platform'], 'token_type': 'Bearer', 'id_token': 'eyJhbGciOiJSUzI1NiIsImtpZCI6IjQ1MjljNDA5Zjc3YTEwNmZiNjdlZTFhODVkMTY4ZmQyY2ZiN2MwYjciLCJ0eXAiOiJKV1QifQ.eyJpc3MiOiJodHRwczovL2FjY291bnRzLmdvb2dsZS5jb20iLCJhenAiOiIzMjU1NTk0MDU1OS5hcHBzLmdvb2dsZXVzZXJjb250ZW50LmNvbSIsImF1ZCI6IjMyNTU1OTQwNTU5LmFwcHMuZ29vZ2xldXNlcmNvbnRlbnQuY29tIiwic3ViIjoiMTA0MDE3NjAwNTI0NjkzMjU2NzY3IiwiZW1haWwiOiJyZWRyeC5kZXZAZ21haWwuY29tIiwiZW1haWxfdmVyaWZpZWQiOnRydWUsImF0X2hhc2giOiJJM2ZYQWlpZG5OUWgxWk1GWFVIZ2V3IiwiaWF0IjoxNzIzNTM0OTIyLCJleHAiOjE3MjM1Mzg1MjJ9.Ebzl3u7SlicjPKHaSJeUgwMNzAQ1ufn9jbm-d2UfiRhJFFVx7txPlTUhzgQDmtcFOI0zrmnzRGTdbNKGPAlu8BiNPLhAtW2xOUpbpL1Urc69KSJVPYH8ktTi-hBIqphCSWE4gUEtT86ARwzTshQjFYk3K5O4ZdA88NsGouTgMNjMs9eMP4Z1aiRFSofrasEc5nInjfLvGp8mFBLdC2aKergbUGp2LGmHxvUauwk8Qt-UHN8Ra7X_85S_o_Bs-hQJT5JNxwx4K_tgpmxuwCWrIV8i-sB_UdrglOBEIwu_9nCVqxZyvWuIhHxkDHP_P-oHJdvrHxqDJVcveSMyeQIgiw', 'expires_at': 1723538521.749107}.
2024-08-13 14:42:02,765 DEBUG    root            Chosen display Format:none
2024-08-13 14:42:02,766 INFO     root            Display format: "none"
2024-08-13 14:42:02,786 INFO     ___FILE_ONLY___ You are signed in as: [redrx.dev@gmail.com].


2024-08-13 14:42:02,813 DEBUG    urllib3.connectionpool Starting new HTTPS connection (1): cloudresourcemanager.googleapis.com:443
2024-08-13 14:42:04,160 DEBUG    urllib3.connectionpool https://cloudresourcemanager.googleapis.com:443 "GET /v1/projects?alt=json&filter=lifecycleState%3AACTIVE&pageSize=201 HTTP/1.1" 200 None
2024-08-13 14:42:37,996 INFO     ___FILE_ONLY___ Your current project has been set to: [civic-shell-432406-s0].


2024-08-13 14:42:38,098 DEBUG    root            Loaded Command Group: ['gcloud', 'compute']
2024-08-13 14:42:38,099 DEBUG    root            Loaded Command Group: ['gcloud', 'compute', 'project_info']
2024-08-13 14:42:38,114 DEBUG    root            Loaded Command Group: ['gcloud', 'compute', 'project-info', 'describe']
2024-08-13 14:42:38,115 INFO     root            Executing: [gcloud compute project-info describe --quiet]
2024-08-13 14:42:38,116 DEBUG    root            Running [gcloud.compute.project-info.describe] with arguments: [--no-user-output-enabled: "false", --quiet: "True", --verbosity: "none"]
2024-08-13 14:42:38,332 DEBUG    urllib3.connectionpool Starting new HTTPS connection (1): compute.googleapis.com:443
2024-08-13 14:42:38,739 DEBUG    urllib3.connectionpool https://compute.googleapis.com:443 "GET /compute/v1/projects/civic-shell-432406-s0?alt=json HTTP/1.1" 403 None
2024-08-13 14:42:38,744 DEBUG    root            Chosen display Format:default
2024-08-13 14:42:38,752 DEBUG    root            Chosen display Format:default
2024-08-13 14:42:38,755 DEBUG    root            Chosen display Format:default
2024-08-13 14:42:38,767 DEBUG    root            Chosen display Format:default
2024-08-13 14:42:38,758 DEBUG    root            (gcloud.compute.project-info.describe) [redrx.dev@gmail.com] does not have permission to access projects instance [civic-shell-432406-s0] (or it may not exist): Compute Engine API has not been used in project civic-shell-432406-s0 before or it is disabled. Enable it by visiting https://console.developers.google.com/apis/api/compute.googleapis.com/overview?project=civic-shell-432406-s0 then retry. If you enabled this API recently, wait a few minutes for the action to propagate to our systems and retry. This command is authenticated as redrx.dev@gmail.com which is the active account specified by the [core/account] property.
- '@type': type.googleapis.com/google.rpc.Help
  links:
  - description: Google developers console API activation
    url: https://console.developers.google.com/apis/api/compute.googleapis.com/overview?project=civic-shell-432406-s0
- '@type': type.googleapis.com/google.rpc.ErrorInfo
  domain: googleapis.com
  metadatas:
    consumer: projects/civic-shell-432406-s0
    service: compute.googleapis.com
  reason: SERVICE_DISABLED
Traceback (most recent call last):
  File "/Users/bearydev/Downloads/./google-cloud-sdk/lib/googlecloudsdk/calliope/cli.py", line 998, in Execute
    resources = calliope_command.Run(cli=self, args=args)
                ^^^^^^^^^^^^^^^^^^^^^^^^^^^^^^^^^^^^^^^^^
  File "/Users/bearydev/Downloads/./google-cloud-sdk/lib/googlecloudsdk/calliope/backend.py", line 822, in Run
    resources = command_instance.Run(args)
                ^^^^^^^^^^^^^^^^^^^^^^^^^^
  File "/Users/bearydev/Downloads/./google-cloud-sdk/lib/surface/compute/project_info/describe.py", line 37, in Run
    return client.MakeRequests([(client.apitools_client.projects, 'Get',
           ^^^^^^^^^^^^^^^^^^^^^^^^^^^^^^^^^^^^^^^^^^^^^^^^^^^^^^^^^^^^^
  File "/Users/bearydev/Downloads/./google-cloud-sdk/lib/googlecloudsdk/api_lib/compute/client_adapter.py", line 128, in MakeRequests
    objects = list(
              ^^^^^
  File "/Users/bearydev/Downloads/./google-cloud-sdk/lib/googlecloudsdk/api_lib/compute/request_helper.py", line 321, in MakeRequests
    responses, new_errors = single_request_helper.MakeSingleRequest(
                            ^^^^^^^^^^^^^^^^^^^^^^^^^^^^^^^^^^^^^^^^
  File "/Users/bearydev/Downloads/./google-cloud-sdk/lib/googlecloudsdk/api_lib/compute/single_request_helper.py", line 69, in MakeSingleRequest
    response = getattr(service, method)(request=request_body)
               ^^^^^^^^^^^^^^^^^^^^^^^^^^^^^^^^^^^^^^^^^^^^^^
  File "/Users/bearydev/Downloads/./google-cloud-sdk/lib/googlecloudsdk/generated_clients/apis/compute/v1/compute_v1_client.py", line 10867, in Get
    return self._RunMethod(
           ^^^^^^^^^^^^^^^^
  File "/Users/bearydev/Downloads/./google-cloud-sdk/lib/third_party/apitools/base/py/base_api.py", line 734, in _RunMethod
    http_response = http_wrapper.MakeRequest(
                    ^^^^^^^^^^^^^^^^^^^^^^^^^
  File "/Users/bearydev/Downloads/./google-cloud-sdk/lib/third_party/apitools/base/py/http_wrapper.py", line 348, in MakeRequest
    return _MakeRequestNoRetry(
           ^^^^^^^^^^^^^^^^^^^^
  File "/Users/bearydev/Downloads/./google-cloud-sdk/lib/third_party/apitools/base/py/http_wrapper.py", line 406, in _MakeRequestNoRetry
    check_response_func(response)
  File "/Users/bearydev/Downloads/./google-cloud-sdk/lib/googlecloudsdk/api_lib/util/apis.py", line 243, in _CheckResponse
    _CheckForApiEnablementError(response_as_error)
  File "/Users/bearydev/Downloads/./google-cloud-sdk/lib/googlecloudsdk/api_lib/util/apis.py", line 209, in _CheckForApiEnablementError
    PromptToEnableApi(*enablement_info)
  File "/Users/bearydev/Downloads/./google-cloud-sdk/lib/googlecloudsdk/api_lib/util/apis.py", line 192, in PromptToEnableApi
    raise exception
googlecloudsdk.api_lib.util.exceptions.HttpException: [redrx.dev@gmail.com] does not have permission to access projects instance [civic-shell-432406-s0] (or it may not exist): Compute Engine API has not been used in project civic-shell-432406-s0 before or it is disabled. Enable it by visiting https://console.developers.google.com/apis/api/compute.googleapis.com/overview?project=civic-shell-432406-s0 then retry. If you enabled this API recently, wait a few minutes for the action to propagate to our systems and retry. This command is authenticated as redrx.dev@gmail.com which is the active account specified by the [core/account] property.
- '@type': type.googleapis.com/google.rpc.Help
  links:
  - description: Google developers console API activation
    url: https://console.developers.google.com/apis/api/compute.googleapis.com/overview?project=civic-shell-432406-s0
- '@type': type.googleapis.com/google.rpc.ErrorInfo
  domain: googleapis.com
  metadatas:
    consumer: projects/civic-shell-432406-s0
    service: compute.googleapis.com
  reason: SERVICE_DISABLED
2024-08-13 14:42:38,770 ERROR    root            (gcloud.compute.project-info.describe) [redrx.dev@gmail.com] does not have permission to access projects instance [civic-shell-432406-s0] (or it may not exist): Compute Engine API has not been used in project civic-shell-432406-s0 before or it is disabled. Enable it by visiting https://console.developers.google.com/apis/api/compute.googleapis.com/overview?project=civic-shell-432406-s0 then retry. If you enabled this API recently, wait a few minutes for the action to propagate to our systems and retry. This command is authenticated as redrx.dev@gmail.com which is the active account specified by the [core/account] property.
- '@type': type.googleapis.com/google.rpc.Help
  links:
  - description: Google developers console API activation
    url: https://console.developers.google.com/apis/api/compute.googleapis.com/overview?project=civic-shell-432406-s0
- '@type': type.googleapis.com/google.rpc.ErrorInfo
  domain: googleapis.com
  metadatas:
    consumer: projects/civic-shell-432406-s0
    service: compute.googleapis.com
  reason: SERVICE_DISABLED
2024-08-13 14:42:38,770 DEBUG    root            Chosen display Format:default
2024-08-13 14:42:38,787 INFO     root            [compute project-info describe --quiet] has failed

2024-08-13 14:42:38,787 INFO     ___FILE_ONLY___ Not setting default zone/region (this feature makes it easier to use
[gcloud compute] by setting an appropriate default value for the
--zone and --region flag).
See https://cloud.google.com/compute/docs/gcloud-compute section on how to set
default compute region and zone manually. If you would like [gcloud init] to be
able to do this for you the next time you run it, make sure the
Compute Engine API is enabled for your project on the
https://console.developers.google.com/apis page.


2024-08-13 14:42:38,787 DEBUG    root            Executing command: ['/Users/bearydev/Downloads/google-cloud-sdk/bin/gsutil', 'config', '-n', '-o', '/Users/bearydev/.boto']
2024-08-13 14:42:40,988 DEBUG    ___FILE_ONLY___ 
2024-08-13 14:42:40,988 DEBUG    ___FILE_ONLY___ This command will create a boto config file at /Users/bearydev/.boto
containing your credentials, based on your responses to the following
questions.

Boto config file "/Users/bearydev/.boto" created. If you need to use a
proxy to access the Internet please see the instructions in that file.

2024-08-13 14:42:40,988 INFO     ___FILE_ONLY___ Created a default .boto configuration file at [/Users/bearydev/.boto]. See this file and
[https://cloud.google.com/storage/docs/gsutil/commands/config] for more
information about configuring Google Cloud Storage.

2024-08-13 14:42:40,988 INFO     ___FILE_ONLY___ The Google Cloud CLI is configured and ready to use!


2024-08-13 14:42:40,988 INFO     ___FILE_ONLY___ * Commands that require authentication will use redrx.dev@gmail.com by default

2024-08-13 14:42:40,988 INFO     ___FILE_ONLY___ * Commands will reference project `civic-shell-432406-s0` by default

2024-08-13 14:42:40,988 INFO     ___FILE_ONLY___ Run `gcloud help config` to learn how to change individual settings


2024-08-13 14:42:40,988 INFO     ___FILE_ONLY___ This gcloud configuration is called [default]. You can create additional configurations if you work with multiple accounts and/or projects.

2024-08-13 14:42:40,988 INFO     ___FILE_ONLY___ Run `gcloud topic configurations` to learn more.


2024-08-13 14:42:40,988 INFO     ___FILE_ONLY___ Some things to try next:


2024-08-13 14:42:40,988 INFO     ___FILE_ONLY___ * Run `gcloud --help` to see the Cloud Platform services you can interact with. And run `gcloud help COMMAND` to get help on any gcloud command.

2024-08-13 14:42:40,988 INFO     ___FILE_ONLY___ * Run `gcloud topic --help` to learn about advanced features of the CLI like arg files and output formatting

2024-08-13 14:42:40,988 INFO     ___FILE_ONLY___ * Run `gcloud cheat-sheet` to see a roster of go-to `gcloud` commands.

2024-08-13 14:42:40,988 DEBUG    root            Chosen display Format:default
2024-08-13 14:42:40,989 INFO     root            Display format: "default"
2024-08-13 14:42:40,995 DEBUG    root            Metrics reporting process started...
