2024-08-13 14:41:29,369 DEBUG    root            Metrics collector initialized...
2024-08-13 14:41:29,373 DEBUG    root            Loaded Command Group: ['gcloud', 'components']
2024-08-13 14:41:29,383 DEBUG    root            Loaded Command Group: ['gcloud', 'components', 'list']
2024-08-13 14:41:29,386 DEBUG    root            Running [gcloud.components.list] with arguments: [--quiet: "True"]
2024-08-13 14:41:29,411 DEBUG    urllib3.connectionpool Starting new HTTPS connection (1): dl.google.com:443
2024-08-13 14:41:29,562 DEBUG    urllib3.connectionpool https://dl.google.com:443 "GET /dl/cloudsdk/channels/rapid/components-2.json HTTP/1.1" 200 223380
2024-08-13 14:41:29,680 INFO     ___FILE_ONLY___ 
Your current Google Cloud CLI version is: 487.0.0

2024-08-13 14:41:29,681 INFO     ___FILE_ONLY___ The latest available version is: 487.0.0

2024-08-13 14:41:29,681 INFO     ___FILE_ONLY___ 

2024-08-13 14:41:29,681 DEBUG    root            Chosen display Format:table[box,title="Components"](state.name:label=Status,name:label=Name,id:label=ID,size.size(zero="",min=1048576):label=Size:align=right)
2024-08-13 14:41:29,682 INFO     root            Display format: "table[box,title="Components"](state.name:label=Status,name:label=Name,id:label=ID,size.size(zero="",min=1048576):label=Size:align=right)"
2024-08-13 14:41:29,704 INFO     ___FILE_ONLY___ Components
2024-08-13 14:41:29,704 INFO     ___FILE_ONLY___ 


2024-08-13 14:41:29,704 INFO     ___FILE_ONLY___ Status: Not Installed
2024-08-13 14:41:29,704 INFO     ___FILE_ONLY___ 

2024-08-13 14:41:29,704 INFO     ___FILE_ONLY___ Name: App Engine Go Extensions
2024-08-13 14:41:29,704 INFO     ___FILE_ONLY___ 

2024-08-13 14:41:29,704 INFO     ___FILE_ONLY___ ID: app-engine-go
2024-08-13 14:41:29,704 INFO     ___FILE_ONLY___ 

2024-08-13 14:41:29,704 INFO     ___FILE_ONLY___ Size: 4.5 MiB
2024-08-13 14:41:29,704 INFO     ___FILE_ONLY___ 

2024-08-13 14:41:29,704 INFO     ___FILE_ONLY___ 

2024-08-13 14:41:29,704 INFO     ___FILE_ONLY___ Status: Not Installed
2024-08-13 14:41:29,704 INFO     ___FILE_ONLY___ 

2024-08-13 14:41:29,705 INFO     ___FILE_ONLY___ Name: Appctl
2024-08-13 14:41:29,705 INFO     ___FILE_ONLY___ 

2024-08-13 14:41:29,705 INFO     ___FILE_ONLY___ ID: appctl
2024-08-13 14:41:29,705 INFO     ___FILE_ONLY___ 

2024-08-13 14:41:29,705 INFO     ___FILE_ONLY___ Size: 18.5 MiB
2024-08-13 14:41:29,705 INFO     ___FILE_ONLY___ 

2024-08-13 14:41:29,705 INFO     ___FILE_ONLY___ 

2024-08-13 14:41:29,705 INFO     ___FILE_ONLY___ Status: Not Installed
2024-08-13 14:41:29,705 INFO     ___FILE_ONLY___ 

2024-08-13 14:41:29,705 INFO     ___FILE_ONLY___ Name: Artifact Registry Go Module Package Helper
2024-08-13 14:41:29,705 INFO     ___FILE_ONLY___ 

2024-08-13 14:41:29,705 INFO     ___FILE_ONLY___ ID: package-go-module
2024-08-13 14:41:29,705 INFO     ___FILE_ONLY___ 

2024-08-13 14:41:29,705 INFO     ___FILE_ONLY___ Size: < 1 MiB
2024-08-13 14:41:29,705 INFO     ___FILE_ONLY___ 

2024-08-13 14:41:29,705 INFO     ___FILE_ONLY___ 

2024-08-13 14:41:29,705 INFO     ___FILE_ONLY___ Status: Not Installed
2024-08-13 14:41:29,705 INFO     ___FILE_ONLY___ 

2024-08-13 14:41:29,705 INFO     ___FILE_ONLY___ Name: Cloud Bigtable Command Line Tool
2024-08-13 14:41:29,705 INFO     ___FILE_ONLY___ 

2024-08-13 14:41:29,705 INFO     ___FILE_ONLY___ ID: cbt
2024-08-13 14:41:29,705 INFO     ___FILE_ONLY___ 

2024-08-13 14:41:29,705 INFO     ___FILE_ONLY___ Size: 17.0 MiB
2024-08-13 14:41:29,705 INFO     ___FILE_ONLY___ 

2024-08-13 14:41:29,705 INFO     ___FILE_ONLY___ 

2024-08-13 14:41:29,705 INFO     ___FILE_ONLY___ Status: Not Installed
2024-08-13 14:41:29,705 INFO     ___FILE_ONLY___ 

2024-08-13 14:41:29,705 INFO     ___FILE_ONLY___ Name: Cloud Bigtable Emulator
2024-08-13 14:41:29,705 INFO     ___FILE_ONLY___ 

2024-08-13 14:41:29,705 INFO     ___FILE_ONLY___ ID: bigtable
2024-08-13 14:41:29,705 INFO     ___FILE_ONLY___ 

2024-08-13 14:41:29,705 INFO     ___FILE_ONLY___ Size: 7.0 MiB
2024-08-13 14:41:29,705 INFO     ___FILE_ONLY___ 

2024-08-13 14:41:29,705 INFO     ___FILE_ONLY___ 

2024-08-13 14:41:29,706 INFO     ___FILE_ONLY___ Status: Not Installed
2024-08-13 14:41:29,706 INFO     ___FILE_ONLY___ 

2024-08-13 14:41:29,706 INFO     ___FILE_ONLY___ Name: Cloud Datastore Emulator
2024-08-13 14:41:29,706 INFO     ___FILE_ONLY___ 

2024-08-13 14:41:29,706 INFO     ___FILE_ONLY___ ID: cloud-datastore-emulator
2024-08-13 14:41:29,706 INFO     ___FILE_ONLY___ 

2024-08-13 14:41:29,706 INFO     ___FILE_ONLY___ Size: 36.2 MiB
2024-08-13 14:41:29,706 INFO     ___FILE_ONLY___ 

2024-08-13 14:41:29,706 INFO     ___FILE_ONLY___ 

2024-08-13 14:41:29,706 INFO     ___FILE_ONLY___ Status: Not Installed
2024-08-13 14:41:29,706 INFO     ___FILE_ONLY___ 

2024-08-13 14:41:29,706 INFO     ___FILE_ONLY___ Name: Cloud Firestore Emulator
2024-08-13 14:41:29,706 INFO     ___FILE_ONLY___ 

2024-08-13 14:41:29,706 INFO     ___FILE_ONLY___ ID: cloud-firestore-emulator
2024-08-13 14:41:29,706 INFO     ___FILE_ONLY___ 

2024-08-13 14:41:29,706 INFO     ___FILE_ONLY___ Size: 45.2 MiB
2024-08-13 14:41:29,706 INFO     ___FILE_ONLY___ 

2024-08-13 14:41:29,706 INFO     ___FILE_ONLY___ 

2024-08-13 14:41:29,706 INFO     ___FILE_ONLY___ Status: Not Installed
2024-08-13 14:41:29,706 INFO     ___FILE_ONLY___ 

2024-08-13 14:41:29,706 INFO     ___FILE_ONLY___ Name: Cloud Pub/Sub Emulator
2024-08-13 14:41:29,706 INFO     ___FILE_ONLY___ 

2024-08-13 14:41:29,706 INFO     ___FILE_ONLY___ ID: pubsub-emulator
2024-08-13 14:41:29,706 INFO     ___FILE_ONLY___ 

2024-08-13 14:41:29,706 INFO     ___FILE_ONLY___ Size: 63.7 MiB
2024-08-13 14:41:29,706 INFO     ___FILE_ONLY___ 

2024-08-13 14:41:29,706 INFO     ___FILE_ONLY___ 

2024-08-13 14:41:29,706 INFO     ___FILE_ONLY___ Status: Not Installed
2024-08-13 14:41:29,706 INFO     ___FILE_ONLY___ 

2024-08-13 14:41:29,706 INFO     ___FILE_ONLY___ Name: Cloud Run Proxy
2024-08-13 14:41:29,706 INFO     ___FILE_ONLY___ 

2024-08-13 14:41:29,706 INFO     ___FILE_ONLY___ ID: cloud-run-proxy
2024-08-13 14:41:29,706 INFO     ___FILE_ONLY___ 

2024-08-13 14:41:29,706 INFO     ___FILE_ONLY___ Size: 11.3 MiB
2024-08-13 14:41:29,706 INFO     ___FILE_ONLY___ 

2024-08-13 14:41:29,706 INFO     ___FILE_ONLY___ 

2024-08-13 14:41:29,706 INFO     ___FILE_ONLY___ Status: Not Installed
2024-08-13 14:41:29,706 INFO     ___FILE_ONLY___ 

2024-08-13 14:41:29,706 INFO     ___FILE_ONLY___ Name: Cloud SQL Proxy v2
2024-08-13 14:41:29,707 INFO     ___FILE_ONLY___ 

2024-08-13 14:41:29,707 INFO     ___FILE_ONLY___ ID: cloud-sql-proxy
2024-08-13 14:41:29,707 INFO     ___FILE_ONLY___ 

2024-08-13 14:41:29,707 INFO     ___FILE_ONLY___ Size: 13.2 MiB
2024-08-13 14:41:29,707 INFO     ___FILE_ONLY___ 

2024-08-13 14:41:29,707 INFO     ___FILE_ONLY___ 

2024-08-13 14:41:29,707 INFO     ___FILE_ONLY___ Status: Not Installed
2024-08-13 14:41:29,707 INFO     ___FILE_ONLY___ 

2024-08-13 14:41:29,707 INFO     ___FILE_ONLY___ Name: Google Container Registry's Docker credential helper
2024-08-13 14:41:29,707 INFO     ___FILE_ONLY___ 

2024-08-13 14:41:29,707 INFO     ___FILE_ONLY___ ID: docker-credential-gcr
2024-08-13 14:41:29,707 INFO     ___FILE_ONLY___ 

2024-08-13 14:41:29,707 INFO     ___FILE_ONLY___ Size: 
2024-08-13 14:41:29,707 INFO     ___FILE_ONLY___ 

2024-08-13 14:41:29,707 INFO     ___FILE_ONLY___ 

2024-08-13 14:41:29,707 INFO     ___FILE_ONLY___ Status: Not Installed
2024-08-13 14:41:29,707 INFO     ___FILE_ONLY___ 

2024-08-13 14:41:29,707 INFO     ___FILE_ONLY___ Name: Kustomize
2024-08-13 14:41:29,707 INFO     ___FILE_ONLY___ 

2024-08-13 14:41:29,707 INFO     ___FILE_ONLY___ ID: kustomize
2024-08-13 14:41:29,707 INFO     ___FILE_ONLY___ 

2024-08-13 14:41:29,707 INFO     ___FILE_ONLY___ Size: 7.4 MiB
2024-08-13 14:41:29,707 INFO     ___FILE_ONLY___ 

2024-08-13 14:41:29,707 INFO     ___FILE_ONLY___ 

2024-08-13 14:41:29,707 INFO     ___FILE_ONLY___ Status: Not Installed
2024-08-13 14:41:29,707 INFO     ___FILE_ONLY___ 

2024-08-13 14:41:29,707 INFO     ___FILE_ONLY___ Name: Log Streaming
2024-08-13 14:41:29,707 INFO     ___FILE_ONLY___ 

2024-08-13 14:41:29,707 INFO     ___FILE_ONLY___ ID: log-streaming
2024-08-13 14:41:29,707 INFO     ___FILE_ONLY___ 

2024-08-13 14:41:29,707 INFO     ___FILE_ONLY___ Size: 11.9 MiB
2024-08-13 14:41:29,707 INFO     ___FILE_ONLY___ 

2024-08-13 14:41:29,707 INFO     ___FILE_ONLY___ 

2024-08-13 14:41:29,707 INFO     ___FILE_ONLY___ Status: Not Installed
2024-08-13 14:41:29,707 INFO     ___FILE_ONLY___ 

2024-08-13 14:41:29,707 INFO     ___FILE_ONLY___ Name: Minikube
2024-08-13 14:41:29,707 INFO     ___FILE_ONLY___ 

2024-08-13 14:41:29,707 INFO     ___FILE_ONLY___ ID: minikube
2024-08-13 14:41:29,707 INFO     ___FILE_ONLY___ 

2024-08-13 14:41:29,707 INFO     ___FILE_ONLY___ Size: 34.8 MiB
2024-08-13 14:41:29,708 INFO     ___FILE_ONLY___ 

2024-08-13 14:41:29,708 INFO     ___FILE_ONLY___ 

2024-08-13 14:41:29,708 INFO     ___FILE_ONLY___ Status: Not Installed
2024-08-13 14:41:29,708 INFO     ___FILE_ONLY___ 

2024-08-13 14:41:29,708 INFO     ___FILE_ONLY___ Name: Nomos CLI
2024-08-13 14:41:29,708 INFO     ___FILE_ONLY___ 

2024-08-13 14:41:29,708 INFO     ___FILE_ONLY___ ID: nomos
2024-08-13 14:41:29,708 INFO     ___FILE_ONLY___ 

2024-08-13 14:41:29,708 INFO     ___FILE_ONLY___ Size: 30.1 MiB
2024-08-13 14:41:29,708 INFO     ___FILE_ONLY___ 

2024-08-13 14:41:29,708 INFO     ___FILE_ONLY___ 

2024-08-13 14:41:29,708 INFO     ___FILE_ONLY___ Status: Not Installed
2024-08-13 14:41:29,708 INFO     ___FILE_ONLY___ 

2024-08-13 14:41:29,708 INFO     ___FILE_ONLY___ Name: On-Demand Scanning API extraction helper
2024-08-13 14:41:29,708 INFO     ___FILE_ONLY___ 

2024-08-13 14:41:29,708 INFO     ___FILE_ONLY___ ID: local-extract
2024-08-13 14:41:29,708 INFO     ___FILE_ONLY___ 

2024-08-13 14:41:29,708 INFO     ___FILE_ONLY___ Size: 19.9 MiB
2024-08-13 14:41:29,708 INFO     ___FILE_ONLY___ 

2024-08-13 14:41:29,708 INFO     ___FILE_ONLY___ 

2024-08-13 14:41:29,708 INFO     ___FILE_ONLY___ Status: Not Installed
2024-08-13 14:41:29,708 INFO     ___FILE_ONLY___ 

2024-08-13 14:41:29,708 INFO     ___FILE_ONLY___ Name: Skaffold
2024-08-13 14:41:29,708 INFO     ___FILE_ONLY___ 

2024-08-13 14:41:29,708 INFO     ___FILE_ONLY___ ID: skaffold
2024-08-13 14:41:29,708 INFO     ___FILE_ONLY___ 

2024-08-13 14:41:29,708 INFO     ___FILE_ONLY___ Size: 22.9 MiB
2024-08-13 14:41:29,708 INFO     ___FILE_ONLY___ 

2024-08-13 14:41:29,708 INFO     ___FILE_ONLY___ 

2024-08-13 14:41:29,708 INFO     ___FILE_ONLY___ Status: Not Installed
2024-08-13 14:41:29,708 INFO     ___FILE_ONLY___ 

2024-08-13 14:41:29,708 INFO     ___FILE_ONLY___ Name: Terraform Tools
2024-08-13 14:41:29,708 INFO     ___FILE_ONLY___ 

2024-08-13 14:41:29,708 INFO     ___FILE_ONLY___ ID: terraform-tools
2024-08-13 14:41:29,708 INFO     ___FILE_ONLY___ 

2024-08-13 14:41:29,708 INFO     ___FILE_ONLY___ Size: 63.6 MiB
2024-08-13 14:41:29,708 INFO     ___FILE_ONLY___ 

2024-08-13 14:41:29,708 INFO     ___FILE_ONLY___ 

2024-08-13 14:41:29,708 INFO     ___FILE_ONLY___ Status: Not Installed
2024-08-13 14:41:29,708 INFO     ___FILE_ONLY___ 

2024-08-13 14:41:29,709 INFO     ___FILE_ONLY___ Name: anthos-auth
2024-08-13 14:41:29,709 INFO     ___FILE_ONLY___ 

2024-08-13 14:41:29,709 INFO     ___FILE_ONLY___ ID: anthos-auth
2024-08-13 14:41:29,709 INFO     ___FILE_ONLY___ 

2024-08-13 14:41:29,709 INFO     ___FILE_ONLY___ Size: 20.9 MiB
2024-08-13 14:41:29,709 INFO     ___FILE_ONLY___ 

2024-08-13 14:41:29,709 INFO     ___FILE_ONLY___ 

2024-08-13 14:41:29,709 INFO     ___FILE_ONLY___ Status: Not Installed
2024-08-13 14:41:29,709 INFO     ___FILE_ONLY___ 

2024-08-13 14:41:29,709 INFO     ___FILE_ONLY___ Name: config-connector
2024-08-13 14:41:29,709 INFO     ___FILE_ONLY___ 

2024-08-13 14:41:29,709 INFO     ___FILE_ONLY___ ID: config-connector
2024-08-13 14:41:29,709 INFO     ___FILE_ONLY___ 

2024-08-13 14:41:29,709 INFO     ___FILE_ONLY___ Size: 88.7 MiB
2024-08-13 14:41:29,709 INFO     ___FILE_ONLY___ 

2024-08-13 14:41:29,709 INFO     ___FILE_ONLY___ 

2024-08-13 14:41:29,709 INFO     ___FILE_ONLY___ Status: Not Installed
2024-08-13 14:41:29,709 INFO     ___FILE_ONLY___ 

2024-08-13 14:41:29,709 INFO     ___FILE_ONLY___ Name: enterprise-certificate-proxy
2024-08-13 14:41:29,709 INFO     ___FILE_ONLY___ 

2024-08-13 14:41:29,709 INFO     ___FILE_ONLY___ ID: enterprise-certificate-proxy
2024-08-13 14:41:29,709 INFO     ___FILE_ONLY___ 

2024-08-13 14:41:29,709 INFO     ___FILE_ONLY___ Size: 8.3 MiB
2024-08-13 14:41:29,709 INFO     ___FILE_ONLY___ 

2024-08-13 14:41:29,709 INFO     ___FILE_ONLY___ 

2024-08-13 14:41:29,709 INFO     ___FILE_ONLY___ Status: Not Installed
2024-08-13 14:41:29,709 INFO     ___FILE_ONLY___ 

2024-08-13 14:41:29,709 INFO     ___FILE_ONLY___ Name: gcloud Alpha Commands
2024-08-13 14:41:29,709 INFO     ___FILE_ONLY___ 

2024-08-13 14:41:29,709 INFO     ___FILE_ONLY___ ID: alpha
2024-08-13 14:41:29,709 INFO     ___FILE_ONLY___ 

2024-08-13 14:41:29,709 INFO     ___FILE_ONLY___ Size: < 1 MiB
2024-08-13 14:41:29,709 INFO     ___FILE_ONLY___ 

2024-08-13 14:41:29,709 INFO     ___FILE_ONLY___ 

2024-08-13 14:41:29,709 INFO     ___FILE_ONLY___ Status: Not Installed
2024-08-13 14:41:29,709 INFO     ___FILE_ONLY___ 

2024-08-13 14:41:29,709 INFO     ___FILE_ONLY___ Name: gcloud Beta Commands
2024-08-13 14:41:29,709 INFO     ___FILE_ONLY___ 

2024-08-13 14:41:29,709 INFO     ___FILE_ONLY___ ID: beta
2024-08-13 14:41:29,709 INFO     ___FILE_ONLY___ 

2024-08-13 14:41:29,710 INFO     ___FILE_ONLY___ Size: < 1 MiB
2024-08-13 14:41:29,710 INFO     ___FILE_ONLY___ 

2024-08-13 14:41:29,710 INFO     ___FILE_ONLY___ 

2024-08-13 14:41:29,710 INFO     ___FILE_ONLY___ Status: Not Installed
2024-08-13 14:41:29,710 INFO     ___FILE_ONLY___ 

2024-08-13 14:41:29,710 INFO     ___FILE_ONLY___ Name: gcloud app Java Extensions
2024-08-13 14:41:29,710 INFO     ___FILE_ONLY___ 

2024-08-13 14:41:29,710 INFO     ___FILE_ONLY___ ID: app-engine-java
2024-08-13 14:41:29,710 INFO     ___FILE_ONLY___ 

2024-08-13 14:41:29,710 INFO     ___FILE_ONLY___ Size: 127.8 MiB
2024-08-13 14:41:29,710 INFO     ___FILE_ONLY___ 

2024-08-13 14:41:29,710 INFO     ___FILE_ONLY___ 

2024-08-13 14:41:29,710 INFO     ___FILE_ONLY___ Status: Not Installed
2024-08-13 14:41:29,710 INFO     ___FILE_ONLY___ 

2024-08-13 14:41:29,710 INFO     ___FILE_ONLY___ Name: gcloud app Python Extensions
2024-08-13 14:41:29,710 INFO     ___FILE_ONLY___ 

2024-08-13 14:41:29,710 INFO     ___FILE_ONLY___ ID: app-engine-python
2024-08-13 14:41:29,710 INFO     ___FILE_ONLY___ 

2024-08-13 14:41:29,710 INFO     ___FILE_ONLY___ Size: 5.0 MiB
2024-08-13 14:41:29,710 INFO     ___FILE_ONLY___ 

2024-08-13 14:41:29,710 INFO     ___FILE_ONLY___ 

2024-08-13 14:41:29,710 INFO     ___FILE_ONLY___ Status: Not Installed
2024-08-13 14:41:29,710 INFO     ___FILE_ONLY___ 

2024-08-13 14:41:29,710 INFO     ___FILE_ONLY___ Name: gcloud app Python Extensions (Extra Libraries)
2024-08-13 14:41:29,710 INFO     ___FILE_ONLY___ 

2024-08-13 14:41:29,710 INFO     ___FILE_ONLY___ ID: app-engine-python-extras
2024-08-13 14:41:29,710 INFO     ___FILE_ONLY___ 

2024-08-13 14:41:29,710 INFO     ___FILE_ONLY___ Size: < 1 MiB
2024-08-13 14:41:29,710 INFO     ___FILE_ONLY___ 

2024-08-13 14:41:29,710 INFO     ___FILE_ONLY___ 

2024-08-13 14:41:29,710 INFO     ___FILE_ONLY___ Status: Not Installed
2024-08-13 14:41:29,710 INFO     ___FILE_ONLY___ 

2024-08-13 14:41:29,710 INFO     ___FILE_ONLY___ Name: gke-gcloud-auth-plugin
2024-08-13 14:41:29,710 INFO     ___FILE_ONLY___ 

2024-08-13 14:41:29,710 INFO     ___FILE_ONLY___ ID: gke-gcloud-auth-plugin
2024-08-13 14:41:29,710 INFO     ___FILE_ONLY___ 

2024-08-13 14:41:29,710 INFO     ___FILE_ONLY___ Size: 4.0 MiB
2024-08-13 14:41:29,710 INFO     ___FILE_ONLY___ 

2024-08-13 14:41:29,710 INFO     ___FILE_ONLY___ 

2024-08-13 14:41:29,710 INFO     ___FILE_ONLY___ Status: Not Installed
2024-08-13 14:41:29,710 INFO     ___FILE_ONLY___ 

2024-08-13 14:41:29,710 INFO     ___FILE_ONLY___ Name: istioctl
2024-08-13 14:41:29,710 INFO     ___FILE_ONLY___ 

2024-08-13 14:41:29,710 INFO     ___FILE_ONLY___ ID: istioctl
2024-08-13 14:41:29,711 INFO     ___FILE_ONLY___ 

2024-08-13 14:41:29,711 INFO     ___FILE_ONLY___ Size: 24.8 MiB
2024-08-13 14:41:29,711 INFO     ___FILE_ONLY___ 

2024-08-13 14:41:29,711 INFO     ___FILE_ONLY___ 

2024-08-13 14:41:29,711 INFO     ___FILE_ONLY___ Status: Not Installed
2024-08-13 14:41:29,711 INFO     ___FILE_ONLY___ 

2024-08-13 14:41:29,711 INFO     ___FILE_ONLY___ Name: kpt
2024-08-13 14:41:29,711 INFO     ___FILE_ONLY___ 

2024-08-13 14:41:29,711 INFO     ___FILE_ONLY___ ID: kpt
2024-08-13 14:41:29,711 INFO     ___FILE_ONLY___ 

2024-08-13 14:41:29,711 INFO     ___FILE_ONLY___ Size: 13.8 MiB
2024-08-13 14:41:29,711 INFO     ___FILE_ONLY___ 

2024-08-13 14:41:29,711 INFO     ___FILE_ONLY___ 

2024-08-13 14:41:29,711 INFO     ___FILE_ONLY___ Status: Not Installed
2024-08-13 14:41:29,711 INFO     ___FILE_ONLY___ 

2024-08-13 14:41:29,711 INFO     ___FILE_ONLY___ Name: kubectl
2024-08-13 14:41:29,711 INFO     ___FILE_ONLY___ 

2024-08-13 14:41:29,711 INFO     ___FILE_ONLY___ ID: kubectl
2024-08-13 14:41:29,711 INFO     ___FILE_ONLY___ 

2024-08-13 14:41:29,711 INFO     ___FILE_ONLY___ Size: < 1 MiB
2024-08-13 14:41:29,711 INFO     ___FILE_ONLY___ 

2024-08-13 14:41:29,711 INFO     ___FILE_ONLY___ 

2024-08-13 14:41:29,711 INFO     ___FILE_ONLY___ Status: Not Installed
2024-08-13 14:41:29,711 INFO     ___FILE_ONLY___ 

2024-08-13 14:41:29,711 INFO     ___FILE_ONLY___ Name: kubectl-oidc
2024-08-13 14:41:29,711 INFO     ___FILE_ONLY___ 

2024-08-13 14:41:29,711 INFO     ___FILE_ONLY___ ID: kubectl-oidc
2024-08-13 14:41:29,711 INFO     ___FILE_ONLY___ 

2024-08-13 14:41:29,711 INFO     ___FILE_ONLY___ Size: 20.9 MiB
2024-08-13 14:41:29,711 INFO     ___FILE_ONLY___ 

2024-08-13 14:41:29,711 INFO     ___FILE_ONLY___ 

2024-08-13 14:41:29,711 INFO     ___FILE_ONLY___ Status: Not Installed
2024-08-13 14:41:29,711 INFO     ___FILE_ONLY___ 

2024-08-13 14:41:29,711 INFO     ___FILE_ONLY___ Name: pkg
2024-08-13 14:41:29,711 INFO     ___FILE_ONLY___ 

2024-08-13 14:41:29,711 INFO     ___FILE_ONLY___ ID: pkg
2024-08-13 14:41:29,711 INFO     ___FILE_ONLY___ 

2024-08-13 14:41:29,711 INFO     ___FILE_ONLY___ Size: 
2024-08-13 14:41:29,711 INFO     ___FILE_ONLY___ 

2024-08-13 14:41:29,712 INFO     ___FILE_ONLY___ 

2024-08-13 14:41:29,712 INFO     ___FILE_ONLY___ Status: Installed
2024-08-13 14:41:29,712 INFO     ___FILE_ONLY___ 

2024-08-13 14:41:29,712 INFO     ___FILE_ONLY___ Name: BigQuery Command Line Tool
2024-08-13 14:41:29,712 INFO     ___FILE_ONLY___ 

2024-08-13 14:41:29,712 INFO     ___FILE_ONLY___ ID: bq
2024-08-13 14:41:29,712 INFO     ___FILE_ONLY___ 

2024-08-13 14:41:29,712 INFO     ___FILE_ONLY___ Size: 1.7 MiB
2024-08-13 14:41:29,712 INFO     ___FILE_ONLY___ 

2024-08-13 14:41:29,712 INFO     ___FILE_ONLY___ 

2024-08-13 14:41:29,712 INFO     ___FILE_ONLY___ Status: Installed
2024-08-13 14:41:29,712 INFO     ___FILE_ONLY___ 

2024-08-13 14:41:29,712 INFO     ___FILE_ONLY___ Name: Cloud Storage Command Line Tool
2024-08-13 14:41:29,712 INFO     ___FILE_ONLY___ 

2024-08-13 14:41:29,712 INFO     ___FILE_ONLY___ ID: gsutil
2024-08-13 14:41:29,712 INFO     ___FILE_ONLY___ 

2024-08-13 14:41:29,712 INFO     ___FILE_ONLY___ Size: 11.3 MiB
2024-08-13 14:41:29,712 INFO     ___FILE_ONLY___ 

2024-08-13 14:41:29,712 INFO     ___FILE_ONLY___ 

2024-08-13 14:41:29,712 INFO     ___FILE_ONLY___ Status: Installed
2024-08-13 14:41:29,712 INFO     ___FILE_ONLY___ 

2024-08-13 14:41:29,712 INFO     ___FILE_ONLY___ Name: Google Cloud CLI Core Libraries
2024-08-13 14:41:29,712 INFO     ___FILE_ONLY___ 

2024-08-13 14:41:29,712 INFO     ___FILE_ONLY___ ID: core
2024-08-13 14:41:29,712 INFO     ___FILE_ONLY___ 

2024-08-13 14:41:29,712 INFO     ___FILE_ONLY___ Size: 19.3 MiB
2024-08-13 14:41:29,712 INFO     ___FILE_ONLY___ 

2024-08-13 14:41:29,712 INFO     ___FILE_ONLY___ 

2024-08-13 14:41:29,712 INFO     ___FILE_ONLY___ Status: Installed
2024-08-13 14:41:29,712 INFO     ___FILE_ONLY___ 

2024-08-13 14:41:29,712 INFO     ___FILE_ONLY___ Name: Google Cloud CRC32C Hash Tool
2024-08-13 14:41:29,712 INFO     ___FILE_ONLY___ 

2024-08-13 14:41:29,712 INFO     ___FILE_ONLY___ ID: gcloud-crc32c
2024-08-13 14:41:29,712 INFO     ___FILE_ONLY___ 

2024-08-13 14:41:29,712 INFO     ___FILE_ONLY___ Size: 1.2 MiB
2024-08-13 14:41:29,712 INFO     ___FILE_ONLY___ 

2024-08-13 14:41:29,712 INFO     ___FILE_ONLY___ To install or remove components at your current SDK version [487.0.0], run:
  $ gcloud components install COMPONENT_ID
  $ gcloud components remove COMPONENT_ID

To update your SDK installation to the latest version [487.0.0], run:
  $ gcloud components update


2024-08-13 14:41:36,329 DEBUG    root            Loaded Command Group: ['gcloud', 'config']
2024-08-13 14:41:36,334 DEBUG    root            Loaded Command Group: ['gcloud', 'config', 'virtualenv']
2024-08-13 14:41:36,341 DEBUG    root            Loaded Command Group: ['gcloud', 'config', 'virtualenv', 'update']
2024-08-13 14:41:36,343 DEBUG    root            Running [gcloud.config.virtualenv.update] with arguments: []
2024-08-13 14:41:36,343 INFO     ___FILE_ONLY___ Updating modules...

2024-08-13 14:41:36,343 DEBUG    root            Executing command: ['/Users/bearydev/.config/gcloud/virtenv/bin/pip3', 'install', '--log', '/Users/bearydev/.config/gcloud/virtenv/update_module.log', '-q', '--disable-pip-version-check', 'crcmod', 'grpcio', 'pyopenssl==23.2.0', 'google_crc32c', 'certifi', 'cryptography']
2024-08-13 14:41:36,767 INFO     ___FILE_ONLY___ Modules updated.

2024-08-13 14:41:36,768 DEBUG    root            Chosen display Format:default
2024-08-13 14:41:36,768 INFO     root            Display format: "default"
2024-08-13 14:41:36,770 DEBUG    root            Loaded Command Group: ['gcloud', 'config', 'virtualenv', 'enable']
2024-08-13 14:41:36,771 DEBUG    root            Running [gcloud.config.virtualenv.enable] with arguments: []
2024-08-13 14:41:36,771 INFO     ___FILE_ONLY___ Virtual env enabled.

2024-08-13 14:41:36,771 DEBUG    root            Chosen display Format:default
2024-08-13 14:41:36,771 INFO     root            Display format: "default"
